{"date":"Tue May 23 2023 15:22:33 GMT+0100 (West Africa Standard Time)","error":{"diagnosticCodes":[7006,7006]},"exception":true,"level":"error","message":"uncaughtException: ⨯ Unable to compile TypeScript:\n\u001b[96msrc/helpers/userHelpers/userHelpers.ts\u001b[0m:\u001b[93m56\u001b[0m:\u001b[93m7\u001b[0m - \u001b[91merror\u001b[0m\u001b[90m TS7006: \u001b[0mParameter 'firstName' implicitly has an 'any' type.\r\n\r\n\u001b[7m56\u001b[0m       firstName, lastName\r\n\u001b[7m  \u001b[0m \u001b[91m      ~~~~~~~~~\u001b[0m\r\n\u001b[96msrc/helpers/userHelpers/userHelpers.ts\u001b[0m:\u001b[93m56\u001b[0m:\u001b[93m18\u001b[0m - \u001b[91merror\u001b[0m\u001b[90m TS7006: \u001b[0mParameter 'lastName' implicitly has an 'any' type.\r\n\r\n\u001b[7m56\u001b[0m       firstName, lastName\r\n\u001b[7m  \u001b[0m \u001b[91m                 ~~~~~~~~\u001b[0m\r\n\nTSError: ⨯ Unable to compile TypeScript:\n\u001b[96msrc/helpers/userHelpers/userHelpers.ts\u001b[0m:\u001b[93m56\u001b[0m:\u001b[93m7\u001b[0m - \u001b[91merror\u001b[0m\u001b[90m TS7006: \u001b[0mParameter 'firstName' implicitly has an 'any' type.\r\n\r\n\u001b[7m56\u001b[0m       firstName, lastName\r\n\u001b[7m  \u001b[0m \u001b[91m      ~~~~~~~~~\u001b[0m\r\n\u001b[96msrc/helpers/userHelpers/userHelpers.ts\u001b[0m:\u001b[93m56\u001b[0m:\u001b[93m18\u001b[0m - \u001b[91merror\u001b[0m\u001b[90m TS7006: \u001b[0mParameter 'lastName' implicitly has an 'any' type.\r\n\r\n\u001b[7m56\u001b[0m       firstName, lastName\r\n\u001b[7m  \u001b[0m \u001b[91m                 ~~~~~~~~\u001b[0m\r\n\n    at createTSError (C:\\Users\\user\\Desktop\\webdev-blog\\webdev-blog-server\\node_modules\\ts-node\\src\\index.ts:859:12)\n    at reportTSError (C:\\Users\\user\\Desktop\\webdev-blog\\webdev-blog-server\\node_modules\\ts-node\\src\\index.ts:863:19)\n    at getOutput (C:\\Users\\user\\Desktop\\webdev-blog\\webdev-blog-server\\node_modules\\ts-node\\src\\index.ts:1077:36)\n    at Object.compile (C:\\Users\\user\\Desktop\\webdev-blog\\webdev-blog-server\\node_modules\\ts-node\\src\\index.ts:1433:41)\n    at Module.m._compile (C:\\Users\\user\\Desktop\\webdev-blog\\webdev-blog-server\\node_modules\\ts-node\\src\\index.ts:1617:30)\n    at Module._extensions..js (node:internal/modules/cjs/loader:1308:10)\n    at Object.require.extensions.<computed> [as .ts] (C:\\Users\\user\\Desktop\\webdev-blog\\webdev-blog-server\\node_modules\\ts-node\\src\\index.ts:1621:12)\n    at Module.load (node:internal/modules/cjs/loader:1117:32)\n    at Function.Module._load (node:internal/modules/cjs/loader:958:12)\n    at Module.require (node:internal/modules/cjs/loader:1141:19)","os":{"loadavg":[0,0,0],"uptime":886441.265},"process":{"argv":["C:\\Users\\user\\Desktop\\webdev-blog\\webdev-blog-server\\node_modules\\ts-node\\dist\\bin.js","C:\\Users\\user\\Desktop\\webdev-blog\\webdev-blog-server\\src\\server.ts"],"cwd":"C:\\Users\\user\\Desktop\\webdev-blog\\webdev-blog-server","execPath":"C:\\Program Files\\nodejs\\node.exe","gid":null,"memoryUsage":{"arrayBuffers":22272593,"external":23814452,"heapTotal":262995968,"heapUsed":237191120,"rss":307306496},"pid":10736,"uid":null,"version":"v18.16.0"},"stack":"TSError: ⨯ Unable to compile TypeScript:\n\u001b[96msrc/helpers/userHelpers/userHelpers.ts\u001b[0m:\u001b[93m56\u001b[0m:\u001b[93m7\u001b[0m - \u001b[91merror\u001b[0m\u001b[90m TS7006: \u001b[0mParameter 'firstName' implicitly has an 'any' type.\r\n\r\n\u001b[7m56\u001b[0m       firstName, lastName\r\n\u001b[7m  \u001b[0m \u001b[91m      ~~~~~~~~~\u001b[0m\r\n\u001b[96msrc/helpers/userHelpers/userHelpers.ts\u001b[0m:\u001b[93m56\u001b[0m:\u001b[93m18\u001b[0m - \u001b[91merror\u001b[0m\u001b[90m TS7006: \u001b[0mParameter 'lastName' implicitly has an 'any' type.\r\n\r\n\u001b[7m56\u001b[0m       firstName, lastName\r\n\u001b[7m  \u001b[0m \u001b[91m                 ~~~~~~~~\u001b[0m\r\n\n    at createTSError (C:\\Users\\user\\Desktop\\webdev-blog\\webdev-blog-server\\node_modules\\ts-node\\src\\index.ts:859:12)\n    at reportTSError (C:\\Users\\user\\Desktop\\webdev-blog\\webdev-blog-server\\node_modules\\ts-node\\src\\index.ts:863:19)\n    at getOutput (C:\\Users\\user\\Desktop\\webdev-blog\\webdev-blog-server\\node_modules\\ts-node\\src\\index.ts:1077:36)\n    at Object.compile (C:\\Users\\user\\Desktop\\webdev-blog\\webdev-blog-server\\node_modules\\ts-node\\src\\index.ts:1433:41)\n    at Module.m._compile (C:\\Users\\user\\Desktop\\webdev-blog\\webdev-blog-server\\node_modules\\ts-node\\src\\index.ts:1617:30)\n    at Module._extensions..js (node:internal/modules/cjs/loader:1308:10)\n    at Object.require.extensions.<computed> [as .ts] (C:\\Users\\user\\Desktop\\webdev-blog\\webdev-blog-server\\node_modules\\ts-node\\src\\index.ts:1621:12)\n    at Module.load (node:internal/modules/cjs/loader:1117:32)\n    at Function.Module._load (node:internal/modules/cjs/loader:958:12)\n    at Module.require (node:internal/modules/cjs/loader:1141:19)","trace":[{"column":12,"file":"C:\\Users\\user\\Desktop\\webdev-blog\\webdev-blog-server\\node_modules\\ts-node\\src\\index.ts","function":"createTSError","line":859,"method":null,"native":false},{"column":19,"file":"C:\\Users\\user\\Desktop\\webdev-blog\\webdev-blog-server\\node_modules\\ts-node\\src\\index.ts","function":"reportTSError","line":863,"method":null,"native":false},{"column":36,"file":"C:\\Users\\user\\Desktop\\webdev-blog\\webdev-blog-server\\node_modules\\ts-node\\src\\index.ts","function":"getOutput","line":1077,"method":null,"native":false},{"column":41,"file":"C:\\Users\\user\\Desktop\\webdev-blog\\webdev-blog-server\\node_modules\\ts-node\\src\\index.ts","function":"Object.compile","line":1433,"method":"compile","native":false},{"column":30,"file":"C:\\Users\\user\\Desktop\\webdev-blog\\webdev-blog-server\\node_modules\\ts-node\\src\\index.ts","function":"Module.m._compile","line":1617,"method":"_compile","native":false},{"column":10,"file":"node:internal/modules/cjs/loader","function":"Module._extensions..js","line":1308,"method":".js","native":false},{"column":12,"file":"C:\\Users\\user\\Desktop\\webdev-blog\\webdev-blog-server\\node_modules\\ts-node\\src\\index.ts","function":"Object.require.extensions.<computed> [as .ts]","line":1621,"method":"ts]","native":false},{"column":32,"file":"node:internal/modules/cjs/loader","function":"Module.load","line":1117,"method":"load","native":false},{"column":12,"file":"node:internal/modules/cjs/loader","function":"Module._load","line":958,"method":"_load","native":false},{"column":19,"file":"node:internal/modules/cjs/loader","function":"Module.require","line":1141,"method":"require","native":false}]}
{"date":"Tue May 23 2023 15:22:33 GMT+0100 (West Africa Standard Time)","error":{"diagnosticCodes":[7006,7006]},"exception":true,"level":"error","message":"uncaughtException: ⨯ Unable to compile TypeScript:\n\u001b[96msrc/helpers/userHelpers/userHelpers.ts\u001b[0m:\u001b[93m56\u001b[0m:\u001b[93m7\u001b[0m - \u001b[91merror\u001b[0m\u001b[90m TS7006: \u001b[0mParameter 'firstName' implicitly has an 'any' type.\r\n\r\n\u001b[7m56\u001b[0m       firstName, lastName\r\n\u001b[7m  \u001b[0m \u001b[91m      ~~~~~~~~~\u001b[0m\r\n\u001b[96msrc/helpers/userHelpers/userHelpers.ts\u001b[0m:\u001b[93m56\u001b[0m:\u001b[93m18\u001b[0m - \u001b[91merror\u001b[0m\u001b[90m TS7006: \u001b[0mParameter 'lastName' implicitly has an 'any' type.\r\n\r\n\u001b[7m56\u001b[0m       firstName, lastName\r\n\u001b[7m  \u001b[0m \u001b[91m                 ~~~~~~~~\u001b[0m\r\n\nTSError: ⨯ Unable to compile TypeScript:\n\u001b[96msrc/helpers/userHelpers/userHelpers.ts\u001b[0m:\u001b[93m56\u001b[0m:\u001b[93m7\u001b[0m - \u001b[91merror\u001b[0m\u001b[90m TS7006: \u001b[0mParameter 'firstName' implicitly has an 'any' type.\r\n\r\n\u001b[7m56\u001b[0m       firstName, lastName\r\n\u001b[7m  \u001b[0m \u001b[91m      ~~~~~~~~~\u001b[0m\r\n\u001b[96msrc/helpers/userHelpers/userHelpers.ts\u001b[0m:\u001b[93m56\u001b[0m:\u001b[93m18\u001b[0m - \u001b[91merror\u001b[0m\u001b[90m TS7006: \u001b[0mParameter 'lastName' implicitly has an 'any' type.\r\n\r\n\u001b[7m56\u001b[0m       firstName, lastName\r\n\u001b[7m  \u001b[0m \u001b[91m                 ~~~~~~~~\u001b[0m\r\n\n    at createTSError (C:\\Users\\user\\Desktop\\webdev-blog\\webdev-blog-server\\node_modules\\ts-node\\src\\index.ts:859:12)\n    at reportTSError (C:\\Users\\user\\Desktop\\webdev-blog\\webdev-blog-server\\node_modules\\ts-node\\src\\index.ts:863:19)\n    at getOutput (C:\\Users\\user\\Desktop\\webdev-blog\\webdev-blog-server\\node_modules\\ts-node\\src\\index.ts:1077:36)\n    at Object.compile (C:\\Users\\user\\Desktop\\webdev-blog\\webdev-blog-server\\node_modules\\ts-node\\src\\index.ts:1433:41)\n    at Module.m._compile (C:\\Users\\user\\Desktop\\webdev-blog\\webdev-blog-server\\node_modules\\ts-node\\src\\index.ts:1617:30)\n    at Module._extensions..js (node:internal/modules/cjs/loader:1308:10)\n    at Object.require.extensions.<computed> [as .ts] (C:\\Users\\user\\Desktop\\webdev-blog\\webdev-blog-server\\node_modules\\ts-node\\src\\index.ts:1621:12)\n    at Module.load (node:internal/modules/cjs/loader:1117:32)\n    at Function.Module._load (node:internal/modules/cjs/loader:958:12)\n    at Module.require (node:internal/modules/cjs/loader:1141:19)","os":{"loadavg":[0,0,0],"uptime":886441.281},"process":{"argv":["C:\\Users\\user\\Desktop\\webdev-blog\\webdev-blog-server\\node_modules\\ts-node\\dist\\bin.js","C:\\Users\\user\\Desktop\\webdev-blog\\webdev-blog-server\\src\\server.ts"],"cwd":"C:\\Users\\user\\Desktop\\webdev-blog\\webdev-blog-server","execPath":"C:\\Program Files\\nodejs\\node.exe","gid":null,"memoryUsage":{"arrayBuffers":22279264,"external":23821163,"heapTotal":263258112,"heapUsed":237544184,"rss":307384320},"pid":10736,"uid":null,"version":"v18.16.0"},"stack":"TSError: ⨯ Unable to compile TypeScript:\n\u001b[96msrc/helpers/userHelpers/userHelpers.ts\u001b[0m:\u001b[93m56\u001b[0m:\u001b[93m7\u001b[0m - \u001b[91merror\u001b[0m\u001b[90m TS7006: \u001b[0mParameter 'firstName' implicitly has an 'any' type.\r\n\r\n\u001b[7m56\u001b[0m       firstName, lastName\r\n\u001b[7m  \u001b[0m \u001b[91m      ~~~~~~~~~\u001b[0m\r\n\u001b[96msrc/helpers/userHelpers/userHelpers.ts\u001b[0m:\u001b[93m56\u001b[0m:\u001b[93m18\u001b[0m - \u001b[91merror\u001b[0m\u001b[90m TS7006: \u001b[0mParameter 'lastName' implicitly has an 'any' type.\r\n\r\n\u001b[7m56\u001b[0m       firstName, lastName\r\n\u001b[7m  \u001b[0m \u001b[91m                 ~~~~~~~~\u001b[0m\r\n\n    at createTSError (C:\\Users\\user\\Desktop\\webdev-blog\\webdev-blog-server\\node_modules\\ts-node\\src\\index.ts:859:12)\n    at reportTSError (C:\\Users\\user\\Desktop\\webdev-blog\\webdev-blog-server\\node_modules\\ts-node\\src\\index.ts:863:19)\n    at getOutput (C:\\Users\\user\\Desktop\\webdev-blog\\webdev-blog-server\\node_modules\\ts-node\\src\\index.ts:1077:36)\n    at Object.compile (C:\\Users\\user\\Desktop\\webdev-blog\\webdev-blog-server\\node_modules\\ts-node\\src\\index.ts:1433:41)\n    at Module.m._compile (C:\\Users\\user\\Desktop\\webdev-blog\\webdev-blog-server\\node_modules\\ts-node\\src\\index.ts:1617:30)\n    at Module._extensions..js (node:internal/modules/cjs/loader:1308:10)\n    at Object.require.extensions.<computed> [as .ts] (C:\\Users\\user\\Desktop\\webdev-blog\\webdev-blog-server\\node_modules\\ts-node\\src\\index.ts:1621:12)\n    at Module.load (node:internal/modules/cjs/loader:1117:32)\n    at Function.Module._load (node:internal/modules/cjs/loader:958:12)\n    at Module.require (node:internal/modules/cjs/loader:1141:19)","trace":[{"column":12,"file":"C:\\Users\\user\\Desktop\\webdev-blog\\webdev-blog-server\\node_modules\\ts-node\\src\\index.ts","function":"createTSError","line":859,"method":null,"native":false},{"column":19,"file":"C:\\Users\\user\\Desktop\\webdev-blog\\webdev-blog-server\\node_modules\\ts-node\\src\\index.ts","function":"reportTSError","line":863,"method":null,"native":false},{"column":36,"file":"C:\\Users\\user\\Desktop\\webdev-blog\\webdev-blog-server\\node_modules\\ts-node\\src\\index.ts","function":"getOutput","line":1077,"method":null,"native":false},{"column":41,"file":"C:\\Users\\user\\Desktop\\webdev-blog\\webdev-blog-server\\node_modules\\ts-node\\src\\index.ts","function":"Object.compile","line":1433,"method":"compile","native":false},{"column":30,"file":"C:\\Users\\user\\Desktop\\webdev-blog\\webdev-blog-server\\node_modules\\ts-node\\src\\index.ts","function":"Module.m._compile","line":1617,"method":"_compile","native":false},{"column":10,"file":"node:internal/modules/cjs/loader","function":"Module._extensions..js","line":1308,"method":".js","native":false},{"column":12,"file":"C:\\Users\\user\\Desktop\\webdev-blog\\webdev-blog-server\\node_modules\\ts-node\\src\\index.ts","function":"Object.require.extensions.<computed> [as .ts]","line":1621,"method":"ts]","native":false},{"column":32,"file":"node:internal/modules/cjs/loader","function":"Module.load","line":1117,"method":"load","native":false},{"column":12,"file":"node:internal/modules/cjs/loader","function":"Module._load","line":958,"method":"_load","native":false},{"column":19,"file":"node:internal/modules/cjs/loader","function":"Module.require","line":1141,"method":"require","native":false}]}
{"date":"Tue May 23 2023 15:23:19 GMT+0100 (West Africa Standard Time)","error":{"diagnosticCodes":[7006,7006]},"exception":true,"level":"error","message":"uncaughtException: ⨯ Unable to compile TypeScript:\n\u001b[96msrc/helpers/userHelpers/userHelpers.ts\u001b[0m:\u001b[93m56\u001b[0m:\u001b[93m7\u001b[0m - \u001b[91merror\u001b[0m\u001b[90m TS7006: \u001b[0mParameter 'firstName' implicitly has an 'any' type.\r\n\r\n\u001b[7m56\u001b[0m       firstName, lastName\r\n\u001b[7m  \u001b[0m \u001b[91m      ~~~~~~~~~\u001b[0m\r\n\u001b[96msrc/helpers/userHelpers/userHelpers.ts\u001b[0m:\u001b[93m56\u001b[0m:\u001b[93m18\u001b[0m - \u001b[91merror\u001b[0m\u001b[90m TS7006: \u001b[0mParameter 'lastName' implicitly has an 'any' type.\r\n\r\n\u001b[7m56\u001b[0m       firstName, lastName\r\n\u001b[7m  \u001b[0m \u001b[91m                 ~~~~~~~~\u001b[0m\r\n\nTSError: ⨯ Unable to compile TypeScript:\n\u001b[96msrc/helpers/userHelpers/userHelpers.ts\u001b[0m:\u001b[93m56\u001b[0m:\u001b[93m7\u001b[0m - \u001b[91merror\u001b[0m\u001b[90m TS7006: \u001b[0mParameter 'firstName' implicitly has an 'any' type.\r\n\r\n\u001b[7m56\u001b[0m       firstName, lastName\r\n\u001b[7m  \u001b[0m \u001b[91m      ~~~~~~~~~\u001b[0m\r\n\u001b[96msrc/helpers/userHelpers/userHelpers.ts\u001b[0m:\u001b[93m56\u001b[0m:\u001b[93m18\u001b[0m - \u001b[91merror\u001b[0m\u001b[90m TS7006: \u001b[0mParameter 'lastName' implicitly has an 'any' type.\r\n\r\n\u001b[7m56\u001b[0m       firstName, lastName\r\n\u001b[7m  \u001b[0m \u001b[91m                 ~~~~~~~~\u001b[0m\r\n\n    at createTSError (C:\\Users\\user\\Desktop\\webdev-blog\\webdev-blog-server\\node_modules\\ts-node\\src\\index.ts:859:12)\n    at reportTSError (C:\\Users\\user\\Desktop\\webdev-blog\\webdev-blog-server\\node_modules\\ts-node\\src\\index.ts:863:19)\n    at getOutput (C:\\Users\\user\\Desktop\\webdev-blog\\webdev-blog-server\\node_modules\\ts-node\\src\\index.ts:1077:36)\n    at Object.compile (C:\\Users\\user\\Desktop\\webdev-blog\\webdev-blog-server\\node_modules\\ts-node\\src\\index.ts:1433:41)\n    at Module.m._compile (C:\\Users\\user\\Desktop\\webdev-blog\\webdev-blog-server\\node_modules\\ts-node\\src\\index.ts:1617:30)\n    at Module._extensions..js (node:internal/modules/cjs/loader:1308:10)\n    at Object.require.extensions.<computed> [as .ts] (C:\\Users\\user\\Desktop\\webdev-blog\\webdev-blog-server\\node_modules\\ts-node\\src\\index.ts:1621:12)\n    at Module.load (node:internal/modules/cjs/loader:1117:32)\n    at Function.Module._load (node:internal/modules/cjs/loader:958:12)\n    at Module.require (node:internal/modules/cjs/loader:1141:19)","os":{"loadavg":[0,0,0],"uptime":886487.75},"process":{"argv":["C:\\Users\\user\\Desktop\\webdev-blog\\webdev-blog-server\\node_modules\\ts-node\\dist\\bin.js","C:\\Users\\user\\Desktop\\webdev-blog\\webdev-blog-server\\src\\server.ts"],"cwd":"C:\\Users\\user\\Desktop\\webdev-blog\\webdev-blog-server","execPath":"C:\\Program Files\\nodejs\\node.exe","gid":null,"memoryUsage":{"arrayBuffers":22138379,"external":23680238,"heapTotal":258539520,"heapUsed":232455200,"rss":305152000},"pid":9768,"uid":null,"version":"v18.16.0"},"stack":"TSError: ⨯ Unable to compile TypeScript:\n\u001b[96msrc/helpers/userHelpers/userHelpers.ts\u001b[0m:\u001b[93m56\u001b[0m:\u001b[93m7\u001b[0m - \u001b[91merror\u001b[0m\u001b[90m TS7006: \u001b[0mParameter 'firstName' implicitly has an 'any' type.\r\n\r\n\u001b[7m56\u001b[0m       firstName, lastName\r\n\u001b[7m  \u001b[0m \u001b[91m      ~~~~~~~~~\u001b[0m\r\n\u001b[96msrc/helpers/userHelpers/userHelpers.ts\u001b[0m:\u001b[93m56\u001b[0m:\u001b[93m18\u001b[0m - \u001b[91merror\u001b[0m\u001b[90m TS7006: \u001b[0mParameter 'lastName' implicitly has an 'any' type.\r\n\r\n\u001b[7m56\u001b[0m       firstName, lastName\r\n\u001b[7m  \u001b[0m \u001b[91m                 ~~~~~~~~\u001b[0m\r\n\n    at createTSError (C:\\Users\\user\\Desktop\\webdev-blog\\webdev-blog-server\\node_modules\\ts-node\\src\\index.ts:859:12)\n    at reportTSError (C:\\Users\\user\\Desktop\\webdev-blog\\webdev-blog-server\\node_modules\\ts-node\\src\\index.ts:863:19)\n    at getOutput (C:\\Users\\user\\Desktop\\webdev-blog\\webdev-blog-server\\node_modules\\ts-node\\src\\index.ts:1077:36)\n    at Object.compile (C:\\Users\\user\\Desktop\\webdev-blog\\webdev-blog-server\\node_modules\\ts-node\\src\\index.ts:1433:41)\n    at Module.m._compile (C:\\Users\\user\\Desktop\\webdev-blog\\webdev-blog-server\\node_modules\\ts-node\\src\\index.ts:1617:30)\n    at Module._extensions..js (node:internal/modules/cjs/loader:1308:10)\n    at Object.require.extensions.<computed> [as .ts] (C:\\Users\\user\\Desktop\\webdev-blog\\webdev-blog-server\\node_modules\\ts-node\\src\\index.ts:1621:12)\n    at Module.load (node:internal/modules/cjs/loader:1117:32)\n    at Function.Module._load (node:internal/modules/cjs/loader:958:12)\n    at Module.require (node:internal/modules/cjs/loader:1141:19)","trace":[{"column":12,"file":"C:\\Users\\user\\Desktop\\webdev-blog\\webdev-blog-server\\node_modules\\ts-node\\src\\index.ts","function":"createTSError","line":859,"method":null,"native":false},{"column":19,"file":"C:\\Users\\user\\Desktop\\webdev-blog\\webdev-blog-server\\node_modules\\ts-node\\src\\index.ts","function":"reportTSError","line":863,"method":null,"native":false},{"column":36,"file":"C:\\Users\\user\\Desktop\\webdev-blog\\webdev-blog-server\\node_modules\\ts-node\\src\\index.ts","function":"getOutput","line":1077,"method":null,"native":false},{"column":41,"file":"C:\\Users\\user\\Desktop\\webdev-blog\\webdev-blog-server\\node_modules\\ts-node\\src\\index.ts","function":"Object.compile","line":1433,"method":"compile","native":false},{"column":30,"file":"C:\\Users\\user\\Desktop\\webdev-blog\\webdev-blog-server\\node_modules\\ts-node\\src\\index.ts","function":"Module.m._compile","line":1617,"method":"_compile","native":false},{"column":10,"file":"node:internal/modules/cjs/loader","function":"Module._extensions..js","line":1308,"method":".js","native":false},{"column":12,"file":"C:\\Users\\user\\Desktop\\webdev-blog\\webdev-blog-server\\node_modules\\ts-node\\src\\index.ts","function":"Object.require.extensions.<computed> [as .ts]","line":1621,"method":"ts]","native":false},{"column":32,"file":"node:internal/modules/cjs/loader","function":"Module.load","line":1117,"method":"load","native":false},{"column":12,"file":"node:internal/modules/cjs/loader","function":"Module._load","line":958,"method":"_load","native":false},{"column":19,"file":"node:internal/modules/cjs/loader","function":"Module.require","line":1141,"method":"require","native":false}]}
{"date":"Tue May 23 2023 15:23:19 GMT+0100 (West Africa Standard Time)","error":{"diagnosticCodes":[7006,7006]},"exception":true,"level":"error","message":"uncaughtException: ⨯ Unable to compile TypeScript:\n\u001b[96msrc/helpers/userHelpers/userHelpers.ts\u001b[0m:\u001b[93m56\u001b[0m:\u001b[93m7\u001b[0m - \u001b[91merror\u001b[0m\u001b[90m TS7006: \u001b[0mParameter 'firstName' implicitly has an 'any' type.\r\n\r\n\u001b[7m56\u001b[0m       firstName, lastName\r\n\u001b[7m  \u001b[0m \u001b[91m      ~~~~~~~~~\u001b[0m\r\n\u001b[96msrc/helpers/userHelpers/userHelpers.ts\u001b[0m:\u001b[93m56\u001b[0m:\u001b[93m18\u001b[0m - \u001b[91merror\u001b[0m\u001b[90m TS7006: \u001b[0mParameter 'lastName' implicitly has an 'any' type.\r\n\r\n\u001b[7m56\u001b[0m       firstName, lastName\r\n\u001b[7m  \u001b[0m \u001b[91m                 ~~~~~~~~\u001b[0m\r\n\nTSError: ⨯ Unable to compile TypeScript:\n\u001b[96msrc/helpers/userHelpers/userHelpers.ts\u001b[0m:\u001b[93m56\u001b[0m:\u001b[93m7\u001b[0m - \u001b[91merror\u001b[0m\u001b[90m TS7006: \u001b[0mParameter 'firstName' implicitly has an 'any' type.\r\n\r\n\u001b[7m56\u001b[0m       firstName, lastName\r\n\u001b[7m  \u001b[0m \u001b[91m      ~~~~~~~~~\u001b[0m\r\n\u001b[96msrc/helpers/userHelpers/userHelpers.ts\u001b[0m:\u001b[93m56\u001b[0m:\u001b[93m18\u001b[0m - \u001b[91merror\u001b[0m\u001b[90m TS7006: \u001b[0mParameter 'lastName' implicitly has an 'any' type.\r\n\r\n\u001b[7m56\u001b[0m       firstName, lastName\r\n\u001b[7m  \u001b[0m \u001b[91m                 ~~~~~~~~\u001b[0m\r\n\n    at createTSError (C:\\Users\\user\\Desktop\\webdev-blog\\webdev-blog-server\\node_modules\\ts-node\\src\\index.ts:859:12)\n    at reportTSError (C:\\Users\\user\\Desktop\\webdev-blog\\webdev-blog-server\\node_modules\\ts-node\\src\\index.ts:863:19)\n    at getOutput (C:\\Users\\user\\Desktop\\webdev-blog\\webdev-blog-server\\node_modules\\ts-node\\src\\index.ts:1077:36)\n    at Object.compile (C:\\Users\\user\\Desktop\\webdev-blog\\webdev-blog-server\\node_modules\\ts-node\\src\\index.ts:1433:41)\n    at Module.m._compile (C:\\Users\\user\\Desktop\\webdev-blog\\webdev-blog-server\\node_modules\\ts-node\\src\\index.ts:1617:30)\n    at Module._extensions..js (node:internal/modules/cjs/loader:1308:10)\n    at Object.require.extensions.<computed> [as .ts] (C:\\Users\\user\\Desktop\\webdev-blog\\webdev-blog-server\\node_modules\\ts-node\\src\\index.ts:1621:12)\n    at Module.load (node:internal/modules/cjs/loader:1117:32)\n    at Function.Module._load (node:internal/modules/cjs/loader:958:12)\n    at Module.require (node:internal/modules/cjs/loader:1141:19)","os":{"loadavg":[0,0,0],"uptime":886487.765},"process":{"argv":["C:\\Users\\user\\Desktop\\webdev-blog\\webdev-blog-server\\node_modules\\ts-node\\dist\\bin.js","C:\\Users\\user\\Desktop\\webdev-blog\\webdev-blog-server\\src\\server.ts"],"cwd":"C:\\Users\\user\\Desktop\\webdev-blog\\webdev-blog-server","execPath":"C:\\Program Files\\nodejs\\node.exe","gid":null,"memoryUsage":{"arrayBuffers":22145048,"external":23686947,"heapTotal":258539520,"heapUsed":232575296,"rss":305209344},"pid":9768,"uid":null,"version":"v18.16.0"},"stack":"TSError: ⨯ Unable to compile TypeScript:\n\u001b[96msrc/helpers/userHelpers/userHelpers.ts\u001b[0m:\u001b[93m56\u001b[0m:\u001b[93m7\u001b[0m - \u001b[91merror\u001b[0m\u001b[90m TS7006: \u001b[0mParameter 'firstName' implicitly has an 'any' type.\r\n\r\n\u001b[7m56\u001b[0m       firstName, lastName\r\n\u001b[7m  \u001b[0m \u001b[91m      ~~~~~~~~~\u001b[0m\r\n\u001b[96msrc/helpers/userHelpers/userHelpers.ts\u001b[0m:\u001b[93m56\u001b[0m:\u001b[93m18\u001b[0m - \u001b[91merror\u001b[0m\u001b[90m TS7006: \u001b[0mParameter 'lastName' implicitly has an 'any' type.\r\n\r\n\u001b[7m56\u001b[0m       firstName, lastName\r\n\u001b[7m  \u001b[0m \u001b[91m                 ~~~~~~~~\u001b[0m\r\n\n    at createTSError (C:\\Users\\user\\Desktop\\webdev-blog\\webdev-blog-server\\node_modules\\ts-node\\src\\index.ts:859:12)\n    at reportTSError (C:\\Users\\user\\Desktop\\webdev-blog\\webdev-blog-server\\node_modules\\ts-node\\src\\index.ts:863:19)\n    at getOutput (C:\\Users\\user\\Desktop\\webdev-blog\\webdev-blog-server\\node_modules\\ts-node\\src\\index.ts:1077:36)\n    at Object.compile (C:\\Users\\user\\Desktop\\webdev-blog\\webdev-blog-server\\node_modules\\ts-node\\src\\index.ts:1433:41)\n    at Module.m._compile (C:\\Users\\user\\Desktop\\webdev-blog\\webdev-blog-server\\node_modules\\ts-node\\src\\index.ts:1617:30)\n    at Module._extensions..js (node:internal/modules/cjs/loader:1308:10)\n    at Object.require.extensions.<computed> [as .ts] (C:\\Users\\user\\Desktop\\webdev-blog\\webdev-blog-server\\node_modules\\ts-node\\src\\index.ts:1621:12)\n    at Module.load (node:internal/modules/cjs/loader:1117:32)\n    at Function.Module._load (node:internal/modules/cjs/loader:958:12)\n    at Module.require (node:internal/modules/cjs/loader:1141:19)","trace":[{"column":12,"file":"C:\\Users\\user\\Desktop\\webdev-blog\\webdev-blog-server\\node_modules\\ts-node\\src\\index.ts","function":"createTSError","line":859,"method":null,"native":false},{"column":19,"file":"C:\\Users\\user\\Desktop\\webdev-blog\\webdev-blog-server\\node_modules\\ts-node\\src\\index.ts","function":"reportTSError","line":863,"method":null,"native":false},{"column":36,"file":"C:\\Users\\user\\Desktop\\webdev-blog\\webdev-blog-server\\node_modules\\ts-node\\src\\index.ts","function":"getOutput","line":1077,"method":null,"native":false},{"column":41,"file":"C:\\Users\\user\\Desktop\\webdev-blog\\webdev-blog-server\\node_modules\\ts-node\\src\\index.ts","function":"Object.compile","line":1433,"method":"compile","native":false},{"column":30,"file":"C:\\Users\\user\\Desktop\\webdev-blog\\webdev-blog-server\\node_modules\\ts-node\\src\\index.ts","function":"Module.m._compile","line":1617,"method":"_compile","native":false},{"column":10,"file":"node:internal/modules/cjs/loader","function":"Module._extensions..js","line":1308,"method":".js","native":false},{"column":12,"file":"C:\\Users\\user\\Desktop\\webdev-blog\\webdev-blog-server\\node_modules\\ts-node\\src\\index.ts","function":"Object.require.extensions.<computed> [as .ts]","line":1621,"method":"ts]","native":false},{"column":32,"file":"node:internal/modules/cjs/loader","function":"Module.load","line":1117,"method":"load","native":false},{"column":12,"file":"node:internal/modules/cjs/loader","function":"Module._load","line":958,"method":"_load","native":false},{"column":19,"file":"node:internal/modules/cjs/loader","function":"Module.require","line":1141,"method":"require","native":false}]}
{"date":"Tue May 23 2023 15:25:36 GMT+0100 (West Africa Standard Time)","error":{"diagnosticCodes":[7006,7006]},"exception":true,"level":"error","message":"uncaughtException: ⨯ Unable to compile TypeScript:\n\u001b[96msrc/helpers/userHelpers/userHelpers.ts\u001b[0m:\u001b[93m56\u001b[0m:\u001b[93m7\u001b[0m - \u001b[91merror\u001b[0m\u001b[90m TS7006: \u001b[0mParameter 'firstName' implicitly has an 'any' type.\r\n\r\n\u001b[7m56\u001b[0m       firstName, lastName\r\n\u001b[7m  \u001b[0m \u001b[91m      ~~~~~~~~~\u001b[0m\r\n\u001b[96msrc/helpers/userHelpers/userHelpers.ts\u001b[0m:\u001b[93m56\u001b[0m:\u001b[93m18\u001b[0m - \u001b[91merror\u001b[0m\u001b[90m TS7006: \u001b[0mParameter 'lastName' implicitly has an 'any' type.\r\n\r\n\u001b[7m56\u001b[0m       firstName, lastName\r\n\u001b[7m  \u001b[0m \u001b[91m                 ~~~~~~~~\u001b[0m\r\n\nTSError: ⨯ Unable to compile TypeScript:\n\u001b[96msrc/helpers/userHelpers/userHelpers.ts\u001b[0m:\u001b[93m56\u001b[0m:\u001b[93m7\u001b[0m - \u001b[91merror\u001b[0m\u001b[90m TS7006: \u001b[0mParameter 'firstName' implicitly has an 'any' type.\r\n\r\n\u001b[7m56\u001b[0m       firstName, lastName\r\n\u001b[7m  \u001b[0m \u001b[91m      ~~~~~~~~~\u001b[0m\r\n\u001b[96msrc/helpers/userHelpers/userHelpers.ts\u001b[0m:\u001b[93m56\u001b[0m:\u001b[93m18\u001b[0m - \u001b[91merror\u001b[0m\u001b[90m TS7006: \u001b[0mParameter 'lastName' implicitly has an 'any' type.\r\n\r\n\u001b[7m56\u001b[0m       firstName, lastName\r\n\u001b[7m  \u001b[0m \u001b[91m                 ~~~~~~~~\u001b[0m\r\n\n    at createTSError (C:\\Users\\user\\Desktop\\webdev-blog\\webdev-blog-server\\node_modules\\ts-node\\src\\index.ts:859:12)\n    at reportTSError (C:\\Users\\user\\Desktop\\webdev-blog\\webdev-blog-server\\node_modules\\ts-node\\src\\index.ts:863:19)\n    at getOutput (C:\\Users\\user\\Desktop\\webdev-blog\\webdev-blog-server\\node_modules\\ts-node\\src\\index.ts:1077:36)\n    at Object.compile (C:\\Users\\user\\Desktop\\webdev-blog\\webdev-blog-server\\node_modules\\ts-node\\src\\index.ts:1433:41)\n    at Module.m._compile (C:\\Users\\user\\Desktop\\webdev-blog\\webdev-blog-server\\node_modules\\ts-node\\src\\index.ts:1617:30)\n    at Module._extensions..js (node:internal/modules/cjs/loader:1308:10)\n    at Object.require.extensions.<computed> [as .ts] (C:\\Users\\user\\Desktop\\webdev-blog\\webdev-blog-server\\node_modules\\ts-node\\src\\index.ts:1621:12)\n    at Module.load (node:internal/modules/cjs/loader:1117:32)\n    at Function.Module._load (node:internal/modules/cjs/loader:958:12)\n    at Module.require (node:internal/modules/cjs/loader:1141:19)","os":{"loadavg":[0,0,0],"uptime":886625.046},"process":{"argv":["C:\\Users\\user\\Desktop\\webdev-blog\\webdev-blog-server\\node_modules\\ts-node\\dist\\bin.js","C:\\Users\\user\\Desktop\\webdev-blog\\webdev-blog-server\\src\\server.ts"],"cwd":"C:\\Users\\user\\Desktop\\webdev-blog\\webdev-blog-server","execPath":"C:\\Program Files\\nodejs\\node.exe","gid":null,"memoryUsage":{"arrayBuffers":22372134,"external":23913993,"heapTotal":256966656,"heapUsed":226698352,"rss":303087616},"pid":9360,"uid":null,"version":"v18.16.0"},"stack":"TSError: ⨯ Unable to compile TypeScript:\n\u001b[96msrc/helpers/userHelpers/userHelpers.ts\u001b[0m:\u001b[93m56\u001b[0m:\u001b[93m7\u001b[0m - \u001b[91merror\u001b[0m\u001b[90m TS7006: \u001b[0mParameter 'firstName' implicitly has an 'any' type.\r\n\r\n\u001b[7m56\u001b[0m       firstName, lastName\r\n\u001b[7m  \u001b[0m \u001b[91m      ~~~~~~~~~\u001b[0m\r\n\u001b[96msrc/helpers/userHelpers/userHelpers.ts\u001b[0m:\u001b[93m56\u001b[0m:\u001b[93m18\u001b[0m - \u001b[91merror\u001b[0m\u001b[90m TS7006: \u001b[0mParameter 'lastName' implicitly has an 'any' type.\r\n\r\n\u001b[7m56\u001b[0m       firstName, lastName\r\n\u001b[7m  \u001b[0m \u001b[91m                 ~~~~~~~~\u001b[0m\r\n\n    at createTSError (C:\\Users\\user\\Desktop\\webdev-blog\\webdev-blog-server\\node_modules\\ts-node\\src\\index.ts:859:12)\n    at reportTSError (C:\\Users\\user\\Desktop\\webdev-blog\\webdev-blog-server\\node_modules\\ts-node\\src\\index.ts:863:19)\n    at getOutput (C:\\Users\\user\\Desktop\\webdev-blog\\webdev-blog-server\\node_modules\\ts-node\\src\\index.ts:1077:36)\n    at Object.compile (C:\\Users\\user\\Desktop\\webdev-blog\\webdev-blog-server\\node_modules\\ts-node\\src\\index.ts:1433:41)\n    at Module.m._compile (C:\\Users\\user\\Desktop\\webdev-blog\\webdev-blog-server\\node_modules\\ts-node\\src\\index.ts:1617:30)\n    at Module._extensions..js (node:internal/modules/cjs/loader:1308:10)\n    at Object.require.extensions.<computed> [as .ts] (C:\\Users\\user\\Desktop\\webdev-blog\\webdev-blog-server\\node_modules\\ts-node\\src\\index.ts:1621:12)\n    at Module.load (node:internal/modules/cjs/loader:1117:32)\n    at Function.Module._load (node:internal/modules/cjs/loader:958:12)\n    at Module.require (node:internal/modules/cjs/loader:1141:19)","trace":[{"column":12,"file":"C:\\Users\\user\\Desktop\\webdev-blog\\webdev-blog-server\\node_modules\\ts-node\\src\\index.ts","function":"createTSError","line":859,"method":null,"native":false},{"column":19,"file":"C:\\Users\\user\\Desktop\\webdev-blog\\webdev-blog-server\\node_modules\\ts-node\\src\\index.ts","function":"reportTSError","line":863,"method":null,"native":false},{"column":36,"file":"C:\\Users\\user\\Desktop\\webdev-blog\\webdev-blog-server\\node_modules\\ts-node\\src\\index.ts","function":"getOutput","line":1077,"method":null,"native":false},{"column":41,"file":"C:\\Users\\user\\Desktop\\webdev-blog\\webdev-blog-server\\node_modules\\ts-node\\src\\index.ts","function":"Object.compile","line":1433,"method":"compile","native":false},{"column":30,"file":"C:\\Users\\user\\Desktop\\webdev-blog\\webdev-blog-server\\node_modules\\ts-node\\src\\index.ts","function":"Module.m._compile","line":1617,"method":"_compile","native":false},{"column":10,"file":"node:internal/modules/cjs/loader","function":"Module._extensions..js","line":1308,"method":".js","native":false},{"column":12,"file":"C:\\Users\\user\\Desktop\\webdev-blog\\webdev-blog-server\\node_modules\\ts-node\\src\\index.ts","function":"Object.require.extensions.<computed> [as .ts]","line":1621,"method":"ts]","native":false},{"column":32,"file":"node:internal/modules/cjs/loader","function":"Module.load","line":1117,"method":"load","native":false},{"column":12,"file":"node:internal/modules/cjs/loader","function":"Module._load","line":958,"method":"_load","native":false},{"column":19,"file":"node:internal/modules/cjs/loader","function":"Module.require","line":1141,"method":"require","native":false}]}
{"date":"Tue May 23 2023 15:25:36 GMT+0100 (West Africa Standard Time)","error":{"diagnosticCodes":[7006,7006]},"exception":true,"level":"error","message":"uncaughtException: ⨯ Unable to compile TypeScript:\n\u001b[96msrc/helpers/userHelpers/userHelpers.ts\u001b[0m:\u001b[93m56\u001b[0m:\u001b[93m7\u001b[0m - \u001b[91merror\u001b[0m\u001b[90m TS7006: \u001b[0mParameter 'firstName' implicitly has an 'any' type.\r\n\r\n\u001b[7m56\u001b[0m       firstName, lastName\r\n\u001b[7m  \u001b[0m \u001b[91m      ~~~~~~~~~\u001b[0m\r\n\u001b[96msrc/helpers/userHelpers/userHelpers.ts\u001b[0m:\u001b[93m56\u001b[0m:\u001b[93m18\u001b[0m - \u001b[91merror\u001b[0m\u001b[90m TS7006: \u001b[0mParameter 'lastName' implicitly has an 'any' type.\r\n\r\n\u001b[7m56\u001b[0m       firstName, lastName\r\n\u001b[7m  \u001b[0m \u001b[91m                 ~~~~~~~~\u001b[0m\r\n\nTSError: ⨯ Unable to compile TypeScript:\n\u001b[96msrc/helpers/userHelpers/userHelpers.ts\u001b[0m:\u001b[93m56\u001b[0m:\u001b[93m7\u001b[0m - \u001b[91merror\u001b[0m\u001b[90m TS7006: \u001b[0mParameter 'firstName' implicitly has an 'any' type.\r\n\r\n\u001b[7m56\u001b[0m       firstName, lastName\r\n\u001b[7m  \u001b[0m \u001b[91m      ~~~~~~~~~\u001b[0m\r\n\u001b[96msrc/helpers/userHelpers/userHelpers.ts\u001b[0m:\u001b[93m56\u001b[0m:\u001b[93m18\u001b[0m - \u001b[91merror\u001b[0m\u001b[90m TS7006: \u001b[0mParameter 'lastName' implicitly has an 'any' type.\r\n\r\n\u001b[7m56\u001b[0m       firstName, lastName\r\n\u001b[7m  \u001b[0m \u001b[91m                 ~~~~~~~~\u001b[0m\r\n\n    at createTSError (C:\\Users\\user\\Desktop\\webdev-blog\\webdev-blog-server\\node_modules\\ts-node\\src\\index.ts:859:12)\n    at reportTSError (C:\\Users\\user\\Desktop\\webdev-blog\\webdev-blog-server\\node_modules\\ts-node\\src\\index.ts:863:19)\n    at getOutput (C:\\Users\\user\\Desktop\\webdev-blog\\webdev-blog-server\\node_modules\\ts-node\\src\\index.ts:1077:36)\n    at Object.compile (C:\\Users\\user\\Desktop\\webdev-blog\\webdev-blog-server\\node_modules\\ts-node\\src\\index.ts:1433:41)\n    at Module.m._compile (C:\\Users\\user\\Desktop\\webdev-blog\\webdev-blog-server\\node_modules\\ts-node\\src\\index.ts:1617:30)\n    at Module._extensions..js (node:internal/modules/cjs/loader:1308:10)\n    at Object.require.extensions.<computed> [as .ts] (C:\\Users\\user\\Desktop\\webdev-blog\\webdev-blog-server\\node_modules\\ts-node\\src\\index.ts:1621:12)\n    at Module.load (node:internal/modules/cjs/loader:1117:32)\n    at Function.Module._load (node:internal/modules/cjs/loader:958:12)\n    at Module.require (node:internal/modules/cjs/loader:1141:19)","os":{"loadavg":[0,0,0],"uptime":886625.046},"process":{"argv":["C:\\Users\\user\\Desktop\\webdev-blog\\webdev-blog-server\\node_modules\\ts-node\\dist\\bin.js","C:\\Users\\user\\Desktop\\webdev-blog\\webdev-blog-server\\src\\server.ts"],"cwd":"C:\\Users\\user\\Desktop\\webdev-blog\\webdev-blog-server","execPath":"C:\\Program Files\\nodejs\\node.exe","gid":null,"memoryUsage":{"arrayBuffers":22378804,"external":23920703,"heapTotal":257228800,"heapUsed":227076784,"rss":303149056},"pid":9360,"uid":null,"version":"v18.16.0"},"stack":"TSError: ⨯ Unable to compile TypeScript:\n\u001b[96msrc/helpers/userHelpers/userHelpers.ts\u001b[0m:\u001b[93m56\u001b[0m:\u001b[93m7\u001b[0m - \u001b[91merror\u001b[0m\u001b[90m TS7006: \u001b[0mParameter 'firstName' implicitly has an 'any' type.\r\n\r\n\u001b[7m56\u001b[0m       firstName, lastName\r\n\u001b[7m  \u001b[0m \u001b[91m      ~~~~~~~~~\u001b[0m\r\n\u001b[96msrc/helpers/userHelpers/userHelpers.ts\u001b[0m:\u001b[93m56\u001b[0m:\u001b[93m18\u001b[0m - \u001b[91merror\u001b[0m\u001b[90m TS7006: \u001b[0mParameter 'lastName' implicitly has an 'any' type.\r\n\r\n\u001b[7m56\u001b[0m       firstName, lastName\r\n\u001b[7m  \u001b[0m \u001b[91m                 ~~~~~~~~\u001b[0m\r\n\n    at createTSError (C:\\Users\\user\\Desktop\\webdev-blog\\webdev-blog-server\\node_modules\\ts-node\\src\\index.ts:859:12)\n    at reportTSError (C:\\Users\\user\\Desktop\\webdev-blog\\webdev-blog-server\\node_modules\\ts-node\\src\\index.ts:863:19)\n    at getOutput (C:\\Users\\user\\Desktop\\webdev-blog\\webdev-blog-server\\node_modules\\ts-node\\src\\index.ts:1077:36)\n    at Object.compile (C:\\Users\\user\\Desktop\\webdev-blog\\webdev-blog-server\\node_modules\\ts-node\\src\\index.ts:1433:41)\n    at Module.m._compile (C:\\Users\\user\\Desktop\\webdev-blog\\webdev-blog-server\\node_modules\\ts-node\\src\\index.ts:1617:30)\n    at Module._extensions..js (node:internal/modules/cjs/loader:1308:10)\n    at Object.require.extensions.<computed> [as .ts] (C:\\Users\\user\\Desktop\\webdev-blog\\webdev-blog-server\\node_modules\\ts-node\\src\\index.ts:1621:12)\n    at Module.load (node:internal/modules/cjs/loader:1117:32)\n    at Function.Module._load (node:internal/modules/cjs/loader:958:12)\n    at Module.require (node:internal/modules/cjs/loader:1141:19)","trace":[{"column":12,"file":"C:\\Users\\user\\Desktop\\webdev-blog\\webdev-blog-server\\node_modules\\ts-node\\src\\index.ts","function":"createTSError","line":859,"method":null,"native":false},{"column":19,"file":"C:\\Users\\user\\Desktop\\webdev-blog\\webdev-blog-server\\node_modules\\ts-node\\src\\index.ts","function":"reportTSError","line":863,"method":null,"native":false},{"column":36,"file":"C:\\Users\\user\\Desktop\\webdev-blog\\webdev-blog-server\\node_modules\\ts-node\\src\\index.ts","function":"getOutput","line":1077,"method":null,"native":false},{"column":41,"file":"C:\\Users\\user\\Desktop\\webdev-blog\\webdev-blog-server\\node_modules\\ts-node\\src\\index.ts","function":"Object.compile","line":1433,"method":"compile","native":false},{"column":30,"file":"C:\\Users\\user\\Desktop\\webdev-blog\\webdev-blog-server\\node_modules\\ts-node\\src\\index.ts","function":"Module.m._compile","line":1617,"method":"_compile","native":false},{"column":10,"file":"node:internal/modules/cjs/loader","function":"Module._extensions..js","line":1308,"method":".js","native":false},{"column":12,"file":"C:\\Users\\user\\Desktop\\webdev-blog\\webdev-blog-server\\node_modules\\ts-node\\src\\index.ts","function":"Object.require.extensions.<computed> [as .ts]","line":1621,"method":"ts]","native":false},{"column":32,"file":"node:internal/modules/cjs/loader","function":"Module.load","line":1117,"method":"load","native":false},{"column":12,"file":"node:internal/modules/cjs/loader","function":"Module._load","line":958,"method":"_load","native":false},{"column":19,"file":"node:internal/modules/cjs/loader","function":"Module.require","line":1141,"method":"require","native":false}]}
