{"date":"Sun Apr 23 2023 21:27:52 GMT+0100 (West Africa Standard Time)","error":{"diagnosticCodes":[2769,2554]},"exception":true,"level":"error","message":"uncaughtException: ⨯ Unable to compile TypeScript:\n\u001b[96msrc/routes/auth.ts\u001b[0m:\u001b[93m9\u001b[0m:\u001b[93m70\u001b[0m - \u001b[91merror\u001b[0m\u001b[90m TS2769: \u001b[0mNo overload matches this call.\r\n  The last overload gave the following error.\r\n    Argument of type 'Promise<void>' is not assignable to parameter of type 'RequestHandlerParams<ParamsDictionary, any, any, ParsedQs, Record<string, any>>'.\r\n\r\n\u001b[7m9\u001b[0m router.post(\"/login\", AuthenticationValidator.checkLoginWithEmail(), AuthenticationValidator.checkEmailValidity(), AuthController.emailLogin)\r\n\u001b[7m \u001b[0m \u001b[91m                                                                     ~~~~~~~~~~~~~~~~~~~~~~~~~~~~~~~~~~~~~~~~~~~~\u001b[0m\r\n\r\n  \u001b[96mnode_modules/@types/express-serve-static-core/index.d.ts\u001b[0m:\u001b[93m171\u001b[0m:\u001b[93m5\u001b[0m\r\n    \u001b[7m171\u001b[0m     <\r\n    \u001b[7m   \u001b[0m \u001b[96m    ~\u001b[0m\r\n    \u001b[7m172\u001b[0m         P = ParamsDictionary,\r\n    \u001b[7m   \u001b[0m \u001b[96m~~~~~~~~~~~~~~~~~~~~~~~~~~~~~\u001b[0m\r\n    \u001b[7m...\u001b[0m \r\n    \u001b[7m181\u001b[0m         ...handlers: Array<RequestHandlerParams<P, ResBody, ReqBody, ReqQuery, LocalsObj>>\r\n    \u001b[7m   \u001b[0m \u001b[96m~~~~~~~~~~~~~~~~~~~~~~~~~~~~~~~~~~~~~~~~~~~~~~~~~~~~~~~~~~~~~~~~~~~~~~~~~~~~~~~~~~~~~~~~~~\u001b[0m\r\n    \u001b[7m182\u001b[0m     ): T;\r\n    \u001b[7m   \u001b[0m \u001b[96m~~~~~~~~~\u001b[0m\r\n    The last overload is declared here.\r\n\u001b[96msrc/routes/auth.ts\u001b[0m:\u001b[93m9\u001b[0m:\u001b[93m94\u001b[0m - \u001b[91merror\u001b[0m\u001b[90m TS2554: \u001b[0mExpected 3 arguments, but got 0.\r\n\r\n\u001b[7m9\u001b[0m router.post(\"/login\", AuthenticationValidator.checkLoginWithEmail(), AuthenticationValidator.checkEmailValidity(), AuthController.emailLogin)\r\n\u001b[7m \u001b[0m \u001b[91m                                                                                             ~~~~~~~~~~~~~~~~~~~~\u001b[0m\r\n\r\n  \u001b[96msrc/middlewares/validators/AuthenticationValidator.ts\u001b[0m:\u001b[93m28\u001b[0m:\u001b[93m36\u001b[0m\r\n    \u001b[7m28\u001b[0m    static async checkEmailValidity(req:Request, res:Response, next:NextFunction) {\r\n    \u001b[7m  \u001b[0m \u001b[96m                                   ~~~~~~~~~~~\u001b[0m\r\n    An argument for 'req' was not provided.\r\n\nTSError: ⨯ Unable to compile TypeScript:\n\u001b[96msrc/routes/auth.ts\u001b[0m:\u001b[93m9\u001b[0m:\u001b[93m70\u001b[0m - \u001b[91merror\u001b[0m\u001b[90m TS2769: \u001b[0mNo overload matches this call.\r\n  The last overload gave the following error.\r\n    Argument of type 'Promise<void>' is not assignable to parameter of type 'RequestHandlerParams<ParamsDictionary, any, any, ParsedQs, Record<string, any>>'.\r\n\r\n\u001b[7m9\u001b[0m router.post(\"/login\", AuthenticationValidator.checkLoginWithEmail(), AuthenticationValidator.checkEmailValidity(), AuthController.emailLogin)\r\n\u001b[7m \u001b[0m \u001b[91m                                                                     ~~~~~~~~~~~~~~~~~~~~~~~~~~~~~~~~~~~~~~~~~~~~\u001b[0m\r\n\r\n  \u001b[96mnode_modules/@types/express-serve-static-core/index.d.ts\u001b[0m:\u001b[93m171\u001b[0m:\u001b[93m5\u001b[0m\r\n    \u001b[7m171\u001b[0m     <\r\n    \u001b[7m   \u001b[0m \u001b[96m    ~\u001b[0m\r\n    \u001b[7m172\u001b[0m         P = ParamsDictionary,\r\n    \u001b[7m   \u001b[0m \u001b[96m~~~~~~~~~~~~~~~~~~~~~~~~~~~~~\u001b[0m\r\n    \u001b[7m...\u001b[0m \r\n    \u001b[7m181\u001b[0m         ...handlers: Array<RequestHandlerParams<P, ResBody, ReqBody, ReqQuery, LocalsObj>>\r\n    \u001b[7m   \u001b[0m \u001b[96m~~~~~~~~~~~~~~~~~~~~~~~~~~~~~~~~~~~~~~~~~~~~~~~~~~~~~~~~~~~~~~~~~~~~~~~~~~~~~~~~~~~~~~~~~~\u001b[0m\r\n    \u001b[7m182\u001b[0m     ): T;\r\n    \u001b[7m   \u001b[0m \u001b[96m~~~~~~~~~\u001b[0m\r\n    The last overload is declared here.\r\n\u001b[96msrc/routes/auth.ts\u001b[0m:\u001b[93m9\u001b[0m:\u001b[93m94\u001b[0m - \u001b[91merror\u001b[0m\u001b[90m TS2554: \u001b[0mExpected 3 arguments, but got 0.\r\n\r\n\u001b[7m9\u001b[0m router.post(\"/login\", AuthenticationValidator.checkLoginWithEmail(), AuthenticationValidator.checkEmailValidity(), AuthController.emailLogin)\r\n\u001b[7m \u001b[0m \u001b[91m                                                                                             ~~~~~~~~~~~~~~~~~~~~\u001b[0m\r\n\r\n  \u001b[96msrc/middlewares/validators/AuthenticationValidator.ts\u001b[0m:\u001b[93m28\u001b[0m:\u001b[93m36\u001b[0m\r\n    \u001b[7m28\u001b[0m    static async checkEmailValidity(req:Request, res:Response, next:NextFunction) {\r\n    \u001b[7m  \u001b[0m \u001b[96m                                   ~~~~~~~~~~~\u001b[0m\r\n    An argument for 'req' was not provided.\r\n\n    at createTSError (C:\\Users\\user\\Desktop\\webdev-blog\\webdev-blog-server\\node_modules\\ts-node\\src\\index.ts:859:12)\n    at reportTSError (C:\\Users\\user\\Desktop\\webdev-blog\\webdev-blog-server\\node_modules\\ts-node\\src\\index.ts:863:19)\n    at getOutput (C:\\Users\\user\\Desktop\\webdev-blog\\webdev-blog-server\\node_modules\\ts-node\\src\\index.ts:1077:36)\n    at Object.compile (C:\\Users\\user\\Desktop\\webdev-blog\\webdev-blog-server\\node_modules\\ts-node\\src\\index.ts:1433:41)\n    at Module.m._compile (C:\\Users\\user\\Desktop\\webdev-blog\\webdev-blog-server\\node_modules\\ts-node\\src\\index.ts:1617:30)\n    at Module._extensions..js (node:internal/modules/cjs/loader:1213:10)\n    at Object.require.extensions.<computed> [as .ts] (C:\\Users\\user\\Desktop\\webdev-blog\\webdev-blog-server\\node_modules\\ts-node\\src\\index.ts:1621:12)\n    at Module.load (node:internal/modules/cjs/loader:1037:32)\n    at Function.Module._load (node:internal/modules/cjs/loader:878:12)\n    at Module.require (node:internal/modules/cjs/loader:1061:19)","os":{"loadavg":[0,0,0],"uptime":179344},"process":{"argv":["C:\\Users\\user\\Desktop\\webdev-blog\\webdev-blog-server\\node_modules\\ts-node\\dist\\bin.js","C:\\Users\\user\\Desktop\\webdev-blog\\webdev-blog-server\\src\\server.ts"],"cwd":"C:\\Users\\user\\Desktop\\webdev-blog\\webdev-blog-server","execPath":"C:\\Program Files\\nodejs\\node.exe","gid":null,"memoryUsage":{"arrayBuffers":20208848,"external":21722663,"heapTotal":256348160,"heapUsed":223946024,"rss":295710720},"pid":11712,"uid":null,"version":"v18.12.0"},"stack":"TSError: ⨯ Unable to compile TypeScript:\n\u001b[96msrc/routes/auth.ts\u001b[0m:\u001b[93m9\u001b[0m:\u001b[93m70\u001b[0m - \u001b[91merror\u001b[0m\u001b[90m TS2769: \u001b[0mNo overload matches this call.\r\n  The last overload gave the following error.\r\n    Argument of type 'Promise<void>' is not assignable to parameter of type 'RequestHandlerParams<ParamsDictionary, any, any, ParsedQs, Record<string, any>>'.\r\n\r\n\u001b[7m9\u001b[0m router.post(\"/login\", AuthenticationValidator.checkLoginWithEmail(), AuthenticationValidator.checkEmailValidity(), AuthController.emailLogin)\r\n\u001b[7m \u001b[0m \u001b[91m                                                                     ~~~~~~~~~~~~~~~~~~~~~~~~~~~~~~~~~~~~~~~~~~~~\u001b[0m\r\n\r\n  \u001b[96mnode_modules/@types/express-serve-static-core/index.d.ts\u001b[0m:\u001b[93m171\u001b[0m:\u001b[93m5\u001b[0m\r\n    \u001b[7m171\u001b[0m     <\r\n    \u001b[7m   \u001b[0m \u001b[96m    ~\u001b[0m\r\n    \u001b[7m172\u001b[0m         P = ParamsDictionary,\r\n    \u001b[7m   \u001b[0m \u001b[96m~~~~~~~~~~~~~~~~~~~~~~~~~~~~~\u001b[0m\r\n    \u001b[7m...\u001b[0m \r\n    \u001b[7m181\u001b[0m         ...handlers: Array<RequestHandlerParams<P, ResBody, ReqBody, ReqQuery, LocalsObj>>\r\n    \u001b[7m   \u001b[0m \u001b[96m~~~~~~~~~~~~~~~~~~~~~~~~~~~~~~~~~~~~~~~~~~~~~~~~~~~~~~~~~~~~~~~~~~~~~~~~~~~~~~~~~~~~~~~~~~\u001b[0m\r\n    \u001b[7m182\u001b[0m     ): T;\r\n    \u001b[7m   \u001b[0m \u001b[96m~~~~~~~~~\u001b[0m\r\n    The last overload is declared here.\r\n\u001b[96msrc/routes/auth.ts\u001b[0m:\u001b[93m9\u001b[0m:\u001b[93m94\u001b[0m - \u001b[91merror\u001b[0m\u001b[90m TS2554: \u001b[0mExpected 3 arguments, but got 0.\r\n\r\n\u001b[7m9\u001b[0m router.post(\"/login\", AuthenticationValidator.checkLoginWithEmail(), AuthenticationValidator.checkEmailValidity(), AuthController.emailLogin)\r\n\u001b[7m \u001b[0m \u001b[91m                                                                                             ~~~~~~~~~~~~~~~~~~~~\u001b[0m\r\n\r\n  \u001b[96msrc/middlewares/validators/AuthenticationValidator.ts\u001b[0m:\u001b[93m28\u001b[0m:\u001b[93m36\u001b[0m\r\n    \u001b[7m28\u001b[0m    static async checkEmailValidity(req:Request, res:Response, next:NextFunction) {\r\n    \u001b[7m  \u001b[0m \u001b[96m                                   ~~~~~~~~~~~\u001b[0m\r\n    An argument for 'req' was not provided.\r\n\n    at createTSError (C:\\Users\\user\\Desktop\\webdev-blog\\webdev-blog-server\\node_modules\\ts-node\\src\\index.ts:859:12)\n    at reportTSError (C:\\Users\\user\\Desktop\\webdev-blog\\webdev-blog-server\\node_modules\\ts-node\\src\\index.ts:863:19)\n    at getOutput (C:\\Users\\user\\Desktop\\webdev-blog\\webdev-blog-server\\node_modules\\ts-node\\src\\index.ts:1077:36)\n    at Object.compile (C:\\Users\\user\\Desktop\\webdev-blog\\webdev-blog-server\\node_modules\\ts-node\\src\\index.ts:1433:41)\n    at Module.m._compile (C:\\Users\\user\\Desktop\\webdev-blog\\webdev-blog-server\\node_modules\\ts-node\\src\\index.ts:1617:30)\n    at Module._extensions..js (node:internal/modules/cjs/loader:1213:10)\n    at Object.require.extensions.<computed> [as .ts] (C:\\Users\\user\\Desktop\\webdev-blog\\webdev-blog-server\\node_modules\\ts-node\\src\\index.ts:1621:12)\n    at Module.load (node:internal/modules/cjs/loader:1037:32)\n    at Function.Module._load (node:internal/modules/cjs/loader:878:12)\n    at Module.require (node:internal/modules/cjs/loader:1061:19)","trace":[{"column":12,"file":"C:\\Users\\user\\Desktop\\webdev-blog\\webdev-blog-server\\node_modules\\ts-node\\src\\index.ts","function":"createTSError","line":859,"method":null,"native":false},{"column":19,"file":"C:\\Users\\user\\Desktop\\webdev-blog\\webdev-blog-server\\node_modules\\ts-node\\src\\index.ts","function":"reportTSError","line":863,"method":null,"native":false},{"column":36,"file":"C:\\Users\\user\\Desktop\\webdev-blog\\webdev-blog-server\\node_modules\\ts-node\\src\\index.ts","function":"getOutput","line":1077,"method":null,"native":false},{"column":41,"file":"C:\\Users\\user\\Desktop\\webdev-blog\\webdev-blog-server\\node_modules\\ts-node\\src\\index.ts","function":"Object.compile","line":1433,"method":"compile","native":false},{"column":30,"file":"C:\\Users\\user\\Desktop\\webdev-blog\\webdev-blog-server\\node_modules\\ts-node\\src\\index.ts","function":"Module.m._compile","line":1617,"method":"_compile","native":false},{"column":10,"file":"node:internal/modules/cjs/loader","function":"Module._extensions..js","line":1213,"method":".js","native":false},{"column":12,"file":"C:\\Users\\user\\Desktop\\webdev-blog\\webdev-blog-server\\node_modules\\ts-node\\src\\index.ts","function":"Object.require.extensions.<computed> [as .ts]","line":1621,"method":"ts]","native":false},{"column":32,"file":"node:internal/modules/cjs/loader","function":"Module.load","line":1037,"method":"load","native":false},{"column":12,"file":"node:internal/modules/cjs/loader","function":"Module._load","line":878,"method":"_load","native":false},{"column":19,"file":"node:internal/modules/cjs/loader","function":"Module.require","line":1061,"method":"require","native":false}]}
{"date":"Sun Apr 23 2023 21:27:52 GMT+0100 (West Africa Standard Time)","error":{"diagnosticCodes":[2769,2554]},"exception":true,"level":"error","message":"uncaughtException: ⨯ Unable to compile TypeScript:\n\u001b[96msrc/routes/auth.ts\u001b[0m:\u001b[93m9\u001b[0m:\u001b[93m70\u001b[0m - \u001b[91merror\u001b[0m\u001b[90m TS2769: \u001b[0mNo overload matches this call.\r\n  The last overload gave the following error.\r\n    Argument of type 'Promise<void>' is not assignable to parameter of type 'RequestHandlerParams<ParamsDictionary, any, any, ParsedQs, Record<string, any>>'.\r\n\r\n\u001b[7m9\u001b[0m router.post(\"/login\", AuthenticationValidator.checkLoginWithEmail(), AuthenticationValidator.checkEmailValidity(), AuthController.emailLogin)\r\n\u001b[7m \u001b[0m \u001b[91m                                                                     ~~~~~~~~~~~~~~~~~~~~~~~~~~~~~~~~~~~~~~~~~~~~\u001b[0m\r\n\r\n  \u001b[96mnode_modules/@types/express-serve-static-core/index.d.ts\u001b[0m:\u001b[93m171\u001b[0m:\u001b[93m5\u001b[0m\r\n    \u001b[7m171\u001b[0m     <\r\n    \u001b[7m   \u001b[0m \u001b[96m    ~\u001b[0m\r\n    \u001b[7m172\u001b[0m         P = ParamsDictionary,\r\n    \u001b[7m   \u001b[0m \u001b[96m~~~~~~~~~~~~~~~~~~~~~~~~~~~~~\u001b[0m\r\n    \u001b[7m...\u001b[0m \r\n    \u001b[7m181\u001b[0m         ...handlers: Array<RequestHandlerParams<P, ResBody, ReqBody, ReqQuery, LocalsObj>>\r\n    \u001b[7m   \u001b[0m \u001b[96m~~~~~~~~~~~~~~~~~~~~~~~~~~~~~~~~~~~~~~~~~~~~~~~~~~~~~~~~~~~~~~~~~~~~~~~~~~~~~~~~~~~~~~~~~~\u001b[0m\r\n    \u001b[7m182\u001b[0m     ): T;\r\n    \u001b[7m   \u001b[0m \u001b[96m~~~~~~~~~\u001b[0m\r\n    The last overload is declared here.\r\n\u001b[96msrc/routes/auth.ts\u001b[0m:\u001b[93m9\u001b[0m:\u001b[93m94\u001b[0m - \u001b[91merror\u001b[0m\u001b[90m TS2554: \u001b[0mExpected 3 arguments, but got 0.\r\n\r\n\u001b[7m9\u001b[0m router.post(\"/login\", AuthenticationValidator.checkLoginWithEmail(), AuthenticationValidator.checkEmailValidity(), AuthController.emailLogin)\r\n\u001b[7m \u001b[0m \u001b[91m                                                                                             ~~~~~~~~~~~~~~~~~~~~\u001b[0m\r\n\r\n  \u001b[96msrc/middlewares/validators/AuthenticationValidator.ts\u001b[0m:\u001b[93m28\u001b[0m:\u001b[93m36\u001b[0m\r\n    \u001b[7m28\u001b[0m    static async checkEmailValidity(req:Request, res:Response, next:NextFunction) {\r\n    \u001b[7m  \u001b[0m \u001b[96m                                   ~~~~~~~~~~~\u001b[0m\r\n    An argument for 'req' was not provided.\r\n\nTSError: ⨯ Unable to compile TypeScript:\n\u001b[96msrc/routes/auth.ts\u001b[0m:\u001b[93m9\u001b[0m:\u001b[93m70\u001b[0m - \u001b[91merror\u001b[0m\u001b[90m TS2769: \u001b[0mNo overload matches this call.\r\n  The last overload gave the following error.\r\n    Argument of type 'Promise<void>' is not assignable to parameter of type 'RequestHandlerParams<ParamsDictionary, any, any, ParsedQs, Record<string, any>>'.\r\n\r\n\u001b[7m9\u001b[0m router.post(\"/login\", AuthenticationValidator.checkLoginWithEmail(), AuthenticationValidator.checkEmailValidity(), AuthController.emailLogin)\r\n\u001b[7m \u001b[0m \u001b[91m                                                                     ~~~~~~~~~~~~~~~~~~~~~~~~~~~~~~~~~~~~~~~~~~~~\u001b[0m\r\n\r\n  \u001b[96mnode_modules/@types/express-serve-static-core/index.d.ts\u001b[0m:\u001b[93m171\u001b[0m:\u001b[93m5\u001b[0m\r\n    \u001b[7m171\u001b[0m     <\r\n    \u001b[7m   \u001b[0m \u001b[96m    ~\u001b[0m\r\n    \u001b[7m172\u001b[0m         P = ParamsDictionary,\r\n    \u001b[7m   \u001b[0m \u001b[96m~~~~~~~~~~~~~~~~~~~~~~~~~~~~~\u001b[0m\r\n    \u001b[7m...\u001b[0m \r\n    \u001b[7m181\u001b[0m         ...handlers: Array<RequestHandlerParams<P, ResBody, ReqBody, ReqQuery, LocalsObj>>\r\n    \u001b[7m   \u001b[0m \u001b[96m~~~~~~~~~~~~~~~~~~~~~~~~~~~~~~~~~~~~~~~~~~~~~~~~~~~~~~~~~~~~~~~~~~~~~~~~~~~~~~~~~~~~~~~~~~\u001b[0m\r\n    \u001b[7m182\u001b[0m     ): T;\r\n    \u001b[7m   \u001b[0m \u001b[96m~~~~~~~~~\u001b[0m\r\n    The last overload is declared here.\r\n\u001b[96msrc/routes/auth.ts\u001b[0m:\u001b[93m9\u001b[0m:\u001b[93m94\u001b[0m - \u001b[91merror\u001b[0m\u001b[90m TS2554: \u001b[0mExpected 3 arguments, but got 0.\r\n\r\n\u001b[7m9\u001b[0m router.post(\"/login\", AuthenticationValidator.checkLoginWithEmail(), AuthenticationValidator.checkEmailValidity(), AuthController.emailLogin)\r\n\u001b[7m \u001b[0m \u001b[91m                                                                                             ~~~~~~~~~~~~~~~~~~~~\u001b[0m\r\n\r\n  \u001b[96msrc/middlewares/validators/AuthenticationValidator.ts\u001b[0m:\u001b[93m28\u001b[0m:\u001b[93m36\u001b[0m\r\n    \u001b[7m28\u001b[0m    static async checkEmailValidity(req:Request, res:Response, next:NextFunction) {\r\n    \u001b[7m  \u001b[0m \u001b[96m                                   ~~~~~~~~~~~\u001b[0m\r\n    An argument for 'req' was not provided.\r\n\n    at createTSError (C:\\Users\\user\\Desktop\\webdev-blog\\webdev-blog-server\\node_modules\\ts-node\\src\\index.ts:859:12)\n    at reportTSError (C:\\Users\\user\\Desktop\\webdev-blog\\webdev-blog-server\\node_modules\\ts-node\\src\\index.ts:863:19)\n    at getOutput (C:\\Users\\user\\Desktop\\webdev-blog\\webdev-blog-server\\node_modules\\ts-node\\src\\index.ts:1077:36)\n    at Object.compile (C:\\Users\\user\\Desktop\\webdev-blog\\webdev-blog-server\\node_modules\\ts-node\\src\\index.ts:1433:41)\n    at Module.m._compile (C:\\Users\\user\\Desktop\\webdev-blog\\webdev-blog-server\\node_modules\\ts-node\\src\\index.ts:1617:30)\n    at Module._extensions..js (node:internal/modules/cjs/loader:1213:10)\n    at Object.require.extensions.<computed> [as .ts] (C:\\Users\\user\\Desktop\\webdev-blog\\webdev-blog-server\\node_modules\\ts-node\\src\\index.ts:1621:12)\n    at Module.load (node:internal/modules/cjs/loader:1037:32)\n    at Function.Module._load (node:internal/modules/cjs/loader:878:12)\n    at Module.require (node:internal/modules/cjs/loader:1061:19)","os":{"loadavg":[0,0,0],"uptime":179344},"process":{"argv":["C:\\Users\\user\\Desktop\\webdev-blog\\webdev-blog-server\\node_modules\\ts-node\\dist\\bin.js","C:\\Users\\user\\Desktop\\webdev-blog\\webdev-blog-server\\src\\server.ts"],"cwd":"C:\\Users\\user\\Desktop\\webdev-blog\\webdev-blog-server","execPath":"C:\\Program Files\\nodejs\\node.exe","gid":null,"memoryUsage":{"arrayBuffers":20220648,"external":21734503,"heapTotal":256610304,"heapUsed":224375512,"rss":295948288},"pid":11712,"uid":null,"version":"v18.12.0"},"stack":"TSError: ⨯ Unable to compile TypeScript:\n\u001b[96msrc/routes/auth.ts\u001b[0m:\u001b[93m9\u001b[0m:\u001b[93m70\u001b[0m - \u001b[91merror\u001b[0m\u001b[90m TS2769: \u001b[0mNo overload matches this call.\r\n  The last overload gave the following error.\r\n    Argument of type 'Promise<void>' is not assignable to parameter of type 'RequestHandlerParams<ParamsDictionary, any, any, ParsedQs, Record<string, any>>'.\r\n\r\n\u001b[7m9\u001b[0m router.post(\"/login\", AuthenticationValidator.checkLoginWithEmail(), AuthenticationValidator.checkEmailValidity(), AuthController.emailLogin)\r\n\u001b[7m \u001b[0m \u001b[91m                                                                     ~~~~~~~~~~~~~~~~~~~~~~~~~~~~~~~~~~~~~~~~~~~~\u001b[0m\r\n\r\n  \u001b[96mnode_modules/@types/express-serve-static-core/index.d.ts\u001b[0m:\u001b[93m171\u001b[0m:\u001b[93m5\u001b[0m\r\n    \u001b[7m171\u001b[0m     <\r\n    \u001b[7m   \u001b[0m \u001b[96m    ~\u001b[0m\r\n    \u001b[7m172\u001b[0m         P = ParamsDictionary,\r\n    \u001b[7m   \u001b[0m \u001b[96m~~~~~~~~~~~~~~~~~~~~~~~~~~~~~\u001b[0m\r\n    \u001b[7m...\u001b[0m \r\n    \u001b[7m181\u001b[0m         ...handlers: Array<RequestHandlerParams<P, ResBody, ReqBody, ReqQuery, LocalsObj>>\r\n    \u001b[7m   \u001b[0m \u001b[96m~~~~~~~~~~~~~~~~~~~~~~~~~~~~~~~~~~~~~~~~~~~~~~~~~~~~~~~~~~~~~~~~~~~~~~~~~~~~~~~~~~~~~~~~~~\u001b[0m\r\n    \u001b[7m182\u001b[0m     ): T;\r\n    \u001b[7m   \u001b[0m \u001b[96m~~~~~~~~~\u001b[0m\r\n    The last overload is declared here.\r\n\u001b[96msrc/routes/auth.ts\u001b[0m:\u001b[93m9\u001b[0m:\u001b[93m94\u001b[0m - \u001b[91merror\u001b[0m\u001b[90m TS2554: \u001b[0mExpected 3 arguments, but got 0.\r\n\r\n\u001b[7m9\u001b[0m router.post(\"/login\", AuthenticationValidator.checkLoginWithEmail(), AuthenticationValidator.checkEmailValidity(), AuthController.emailLogin)\r\n\u001b[7m \u001b[0m \u001b[91m                                                                                             ~~~~~~~~~~~~~~~~~~~~\u001b[0m\r\n\r\n  \u001b[96msrc/middlewares/validators/AuthenticationValidator.ts\u001b[0m:\u001b[93m28\u001b[0m:\u001b[93m36\u001b[0m\r\n    \u001b[7m28\u001b[0m    static async checkEmailValidity(req:Request, res:Response, next:NextFunction) {\r\n    \u001b[7m  \u001b[0m \u001b[96m                                   ~~~~~~~~~~~\u001b[0m\r\n    An argument for 'req' was not provided.\r\n\n    at createTSError (C:\\Users\\user\\Desktop\\webdev-blog\\webdev-blog-server\\node_modules\\ts-node\\src\\index.ts:859:12)\n    at reportTSError (C:\\Users\\user\\Desktop\\webdev-blog\\webdev-blog-server\\node_modules\\ts-node\\src\\index.ts:863:19)\n    at getOutput (C:\\Users\\user\\Desktop\\webdev-blog\\webdev-blog-server\\node_modules\\ts-node\\src\\index.ts:1077:36)\n    at Object.compile (C:\\Users\\user\\Desktop\\webdev-blog\\webdev-blog-server\\node_modules\\ts-node\\src\\index.ts:1433:41)\n    at Module.m._compile (C:\\Users\\user\\Desktop\\webdev-blog\\webdev-blog-server\\node_modules\\ts-node\\src\\index.ts:1617:30)\n    at Module._extensions..js (node:internal/modules/cjs/loader:1213:10)\n    at Object.require.extensions.<computed> [as .ts] (C:\\Users\\user\\Desktop\\webdev-blog\\webdev-blog-server\\node_modules\\ts-node\\src\\index.ts:1621:12)\n    at Module.load (node:internal/modules/cjs/loader:1037:32)\n    at Function.Module._load (node:internal/modules/cjs/loader:878:12)\n    at Module.require (node:internal/modules/cjs/loader:1061:19)","trace":[{"column":12,"file":"C:\\Users\\user\\Desktop\\webdev-blog\\webdev-blog-server\\node_modules\\ts-node\\src\\index.ts","function":"createTSError","line":859,"method":null,"native":false},{"column":19,"file":"C:\\Users\\user\\Desktop\\webdev-blog\\webdev-blog-server\\node_modules\\ts-node\\src\\index.ts","function":"reportTSError","line":863,"method":null,"native":false},{"column":36,"file":"C:\\Users\\user\\Desktop\\webdev-blog\\webdev-blog-server\\node_modules\\ts-node\\src\\index.ts","function":"getOutput","line":1077,"method":null,"native":false},{"column":41,"file":"C:\\Users\\user\\Desktop\\webdev-blog\\webdev-blog-server\\node_modules\\ts-node\\src\\index.ts","function":"Object.compile","line":1433,"method":"compile","native":false},{"column":30,"file":"C:\\Users\\user\\Desktop\\webdev-blog\\webdev-blog-server\\node_modules\\ts-node\\src\\index.ts","function":"Module.m._compile","line":1617,"method":"_compile","native":false},{"column":10,"file":"node:internal/modules/cjs/loader","function":"Module._extensions..js","line":1213,"method":".js","native":false},{"column":12,"file":"C:\\Users\\user\\Desktop\\webdev-blog\\webdev-blog-server\\node_modules\\ts-node\\src\\index.ts","function":"Object.require.extensions.<computed> [as .ts]","line":1621,"method":"ts]","native":false},{"column":32,"file":"node:internal/modules/cjs/loader","function":"Module.load","line":1037,"method":"load","native":false},{"column":12,"file":"node:internal/modules/cjs/loader","function":"Module._load","line":878,"method":"_load","native":false},{"column":19,"file":"node:internal/modules/cjs/loader","function":"Module.require","line":1061,"method":"require","native":false}]}
{"date":"Sun Apr 23 2023 21:28:50 GMT+0100 (West Africa Standard Time)","error":{"diagnosticCodes":[2769,2554]},"exception":true,"level":"error","message":"uncaughtException: ⨯ Unable to compile TypeScript:\n\u001b[96msrc/routes/auth.ts\u001b[0m:\u001b[93m9\u001b[0m:\u001b[93m70\u001b[0m - \u001b[91merror\u001b[0m\u001b[90m TS2769: \u001b[0mNo overload matches this call.\r\n  The last overload gave the following error.\r\n    Argument of type 'void' is not assignable to parameter of type 'RequestHandlerParams<ParamsDictionary, any, any, ParsedQs, Record<string, any>>'.\r\n\r\n\u001b[7m9\u001b[0m router.post(\"/login\", AuthenticationValidator.checkLoginWithEmail(), AuthenticationValidator.checkEmailValidity(), AuthController.emailLogin)\r\n\u001b[7m \u001b[0m \u001b[91m                                                                     ~~~~~~~~~~~~~~~~~~~~~~~~~~~~~~~~~~~~~~~~~~~~\u001b[0m\r\n\r\n  \u001b[96mnode_modules/@types/express-serve-static-core/index.d.ts\u001b[0m:\u001b[93m171\u001b[0m:\u001b[93m5\u001b[0m\r\n    \u001b[7m171\u001b[0m     <\r\n    \u001b[7m   \u001b[0m \u001b[96m    ~\u001b[0m\r\n    \u001b[7m172\u001b[0m         P = ParamsDictionary,\r\n    \u001b[7m   \u001b[0m \u001b[96m~~~~~~~~~~~~~~~~~~~~~~~~~~~~~\u001b[0m\r\n    \u001b[7m...\u001b[0m \r\n    \u001b[7m181\u001b[0m         ...handlers: Array<RequestHandlerParams<P, ResBody, ReqBody, ReqQuery, LocalsObj>>\r\n    \u001b[7m   \u001b[0m \u001b[96m~~~~~~~~~~~~~~~~~~~~~~~~~~~~~~~~~~~~~~~~~~~~~~~~~~~~~~~~~~~~~~~~~~~~~~~~~~~~~~~~~~~~~~~~~~\u001b[0m\r\n    \u001b[7m182\u001b[0m     ): T;\r\n    \u001b[7m   \u001b[0m \u001b[96m~~~~~~~~~\u001b[0m\r\n    The last overload is declared here.\r\n\u001b[96msrc/routes/auth.ts\u001b[0m:\u001b[93m9\u001b[0m:\u001b[93m94\u001b[0m - \u001b[91merror\u001b[0m\u001b[90m TS2554: \u001b[0mExpected 3 arguments, but got 0.\r\n\r\n\u001b[7m9\u001b[0m router.post(\"/login\", AuthenticationValidator.checkLoginWithEmail(), AuthenticationValidator.checkEmailValidity(), AuthController.emailLogin)\r\n\u001b[7m \u001b[0m \u001b[91m                                                                                             ~~~~~~~~~~~~~~~~~~~~\u001b[0m\r\n\r\n  \u001b[96msrc/middlewares/validators/AuthenticationValidator.ts\u001b[0m:\u001b[93m28\u001b[0m:\u001b[93m30\u001b[0m\r\n    \u001b[7m28\u001b[0m    static checkEmailValidity(req:Request, res:Response, next:NextFunction) {\r\n    \u001b[7m  \u001b[0m \u001b[96m                             ~~~~~~~~~~~\u001b[0m\r\n    An argument for 'req' was not provided.\r\n\nTSError: ⨯ Unable to compile TypeScript:\n\u001b[96msrc/routes/auth.ts\u001b[0m:\u001b[93m9\u001b[0m:\u001b[93m70\u001b[0m - \u001b[91merror\u001b[0m\u001b[90m TS2769: \u001b[0mNo overload matches this call.\r\n  The last overload gave the following error.\r\n    Argument of type 'void' is not assignable to parameter of type 'RequestHandlerParams<ParamsDictionary, any, any, ParsedQs, Record<string, any>>'.\r\n\r\n\u001b[7m9\u001b[0m router.post(\"/login\", AuthenticationValidator.checkLoginWithEmail(), AuthenticationValidator.checkEmailValidity(), AuthController.emailLogin)\r\n\u001b[7m \u001b[0m \u001b[91m                                                                     ~~~~~~~~~~~~~~~~~~~~~~~~~~~~~~~~~~~~~~~~~~~~\u001b[0m\r\n\r\n  \u001b[96mnode_modules/@types/express-serve-static-core/index.d.ts\u001b[0m:\u001b[93m171\u001b[0m:\u001b[93m5\u001b[0m\r\n    \u001b[7m171\u001b[0m     <\r\n    \u001b[7m   \u001b[0m \u001b[96m    ~\u001b[0m\r\n    \u001b[7m172\u001b[0m         P = ParamsDictionary,\r\n    \u001b[7m   \u001b[0m \u001b[96m~~~~~~~~~~~~~~~~~~~~~~~~~~~~~\u001b[0m\r\n    \u001b[7m...\u001b[0m \r\n    \u001b[7m181\u001b[0m         ...handlers: Array<RequestHandlerParams<P, ResBody, ReqBody, ReqQuery, LocalsObj>>\r\n    \u001b[7m   \u001b[0m \u001b[96m~~~~~~~~~~~~~~~~~~~~~~~~~~~~~~~~~~~~~~~~~~~~~~~~~~~~~~~~~~~~~~~~~~~~~~~~~~~~~~~~~~~~~~~~~~\u001b[0m\r\n    \u001b[7m182\u001b[0m     ): T;\r\n    \u001b[7m   \u001b[0m \u001b[96m~~~~~~~~~\u001b[0m\r\n    The last overload is declared here.\r\n\u001b[96msrc/routes/auth.ts\u001b[0m:\u001b[93m9\u001b[0m:\u001b[93m94\u001b[0m - \u001b[91merror\u001b[0m\u001b[90m TS2554: \u001b[0mExpected 3 arguments, but got 0.\r\n\r\n\u001b[7m9\u001b[0m router.post(\"/login\", AuthenticationValidator.checkLoginWithEmail(), AuthenticationValidator.checkEmailValidity(), AuthController.emailLogin)\r\n\u001b[7m \u001b[0m \u001b[91m                                                                                             ~~~~~~~~~~~~~~~~~~~~\u001b[0m\r\n\r\n  \u001b[96msrc/middlewares/validators/AuthenticationValidator.ts\u001b[0m:\u001b[93m28\u001b[0m:\u001b[93m30\u001b[0m\r\n    \u001b[7m28\u001b[0m    static checkEmailValidity(req:Request, res:Response, next:NextFunction) {\r\n    \u001b[7m  \u001b[0m \u001b[96m                             ~~~~~~~~~~~\u001b[0m\r\n    An argument for 'req' was not provided.\r\n\n    at createTSError (C:\\Users\\user\\Desktop\\webdev-blog\\webdev-blog-server\\node_modules\\ts-node\\src\\index.ts:859:12)\n    at reportTSError (C:\\Users\\user\\Desktop\\webdev-blog\\webdev-blog-server\\node_modules\\ts-node\\src\\index.ts:863:19)\n    at getOutput (C:\\Users\\user\\Desktop\\webdev-blog\\webdev-blog-server\\node_modules\\ts-node\\src\\index.ts:1077:36)\n    at Object.compile (C:\\Users\\user\\Desktop\\webdev-blog\\webdev-blog-server\\node_modules\\ts-node\\src\\index.ts:1433:41)\n    at Module.m._compile (C:\\Users\\user\\Desktop\\webdev-blog\\webdev-blog-server\\node_modules\\ts-node\\src\\index.ts:1617:30)\n    at Module._extensions..js (node:internal/modules/cjs/loader:1213:10)\n    at Object.require.extensions.<computed> [as .ts] (C:\\Users\\user\\Desktop\\webdev-blog\\webdev-blog-server\\node_modules\\ts-node\\src\\index.ts:1621:12)\n    at Module.load (node:internal/modules/cjs/loader:1037:32)\n    at Function.Module._load (node:internal/modules/cjs/loader:878:12)\n    at Module.require (node:internal/modules/cjs/loader:1061:19)","os":{"loadavg":[0,0,0],"uptime":179402},"process":{"argv":["C:\\Users\\user\\Desktop\\webdev-blog\\webdev-blog-server\\node_modules\\ts-node\\dist\\bin.js","C:\\Users\\user\\Desktop\\webdev-blog\\webdev-blog-server\\src\\server.ts"],"cwd":"C:\\Users\\user\\Desktop\\webdev-blog\\webdev-blog-server","execPath":"C:\\Program Files\\nodejs\\node.exe","gid":null,"memoryUsage":{"arrayBuffers":20208848,"external":21722663,"heapTotal":256872448,"heapUsed":223014064,"rss":299921408},"pid":7728,"uid":null,"version":"v18.12.0"},"stack":"TSError: ⨯ Unable to compile TypeScript:\n\u001b[96msrc/routes/auth.ts\u001b[0m:\u001b[93m9\u001b[0m:\u001b[93m70\u001b[0m - \u001b[91merror\u001b[0m\u001b[90m TS2769: \u001b[0mNo overload matches this call.\r\n  The last overload gave the following error.\r\n    Argument of type 'void' is not assignable to parameter of type 'RequestHandlerParams<ParamsDictionary, any, any, ParsedQs, Record<string, any>>'.\r\n\r\n\u001b[7m9\u001b[0m router.post(\"/login\", AuthenticationValidator.checkLoginWithEmail(), AuthenticationValidator.checkEmailValidity(), AuthController.emailLogin)\r\n\u001b[7m \u001b[0m \u001b[91m                                                                     ~~~~~~~~~~~~~~~~~~~~~~~~~~~~~~~~~~~~~~~~~~~~\u001b[0m\r\n\r\n  \u001b[96mnode_modules/@types/express-serve-static-core/index.d.ts\u001b[0m:\u001b[93m171\u001b[0m:\u001b[93m5\u001b[0m\r\n    \u001b[7m171\u001b[0m     <\r\n    \u001b[7m   \u001b[0m \u001b[96m    ~\u001b[0m\r\n    \u001b[7m172\u001b[0m         P = ParamsDictionary,\r\n    \u001b[7m   \u001b[0m \u001b[96m~~~~~~~~~~~~~~~~~~~~~~~~~~~~~\u001b[0m\r\n    \u001b[7m...\u001b[0m \r\n    \u001b[7m181\u001b[0m         ...handlers: Array<RequestHandlerParams<P, ResBody, ReqBody, ReqQuery, LocalsObj>>\r\n    \u001b[7m   \u001b[0m \u001b[96m~~~~~~~~~~~~~~~~~~~~~~~~~~~~~~~~~~~~~~~~~~~~~~~~~~~~~~~~~~~~~~~~~~~~~~~~~~~~~~~~~~~~~~~~~~\u001b[0m\r\n    \u001b[7m182\u001b[0m     ): T;\r\n    \u001b[7m   \u001b[0m \u001b[96m~~~~~~~~~\u001b[0m\r\n    The last overload is declared here.\r\n\u001b[96msrc/routes/auth.ts\u001b[0m:\u001b[93m9\u001b[0m:\u001b[93m94\u001b[0m - \u001b[91merror\u001b[0m\u001b[90m TS2554: \u001b[0mExpected 3 arguments, but got 0.\r\n\r\n\u001b[7m9\u001b[0m router.post(\"/login\", AuthenticationValidator.checkLoginWithEmail(), AuthenticationValidator.checkEmailValidity(), AuthController.emailLogin)\r\n\u001b[7m \u001b[0m \u001b[91m                                                                                             ~~~~~~~~~~~~~~~~~~~~\u001b[0m\r\n\r\n  \u001b[96msrc/middlewares/validators/AuthenticationValidator.ts\u001b[0m:\u001b[93m28\u001b[0m:\u001b[93m30\u001b[0m\r\n    \u001b[7m28\u001b[0m    static checkEmailValidity(req:Request, res:Response, next:NextFunction) {\r\n    \u001b[7m  \u001b[0m \u001b[96m                             ~~~~~~~~~~~\u001b[0m\r\n    An argument for 'req' was not provided.\r\n\n    at createTSError (C:\\Users\\user\\Desktop\\webdev-blog\\webdev-blog-server\\node_modules\\ts-node\\src\\index.ts:859:12)\n    at reportTSError (C:\\Users\\user\\Desktop\\webdev-blog\\webdev-blog-server\\node_modules\\ts-node\\src\\index.ts:863:19)\n    at getOutput (C:\\Users\\user\\Desktop\\webdev-blog\\webdev-blog-server\\node_modules\\ts-node\\src\\index.ts:1077:36)\n    at Object.compile (C:\\Users\\user\\Desktop\\webdev-blog\\webdev-blog-server\\node_modules\\ts-node\\src\\index.ts:1433:41)\n    at Module.m._compile (C:\\Users\\user\\Desktop\\webdev-blog\\webdev-blog-server\\node_modules\\ts-node\\src\\index.ts:1617:30)\n    at Module._extensions..js (node:internal/modules/cjs/loader:1213:10)\n    at Object.require.extensions.<computed> [as .ts] (C:\\Users\\user\\Desktop\\webdev-blog\\webdev-blog-server\\node_modules\\ts-node\\src\\index.ts:1621:12)\n    at Module.load (node:internal/modules/cjs/loader:1037:32)\n    at Function.Module._load (node:internal/modules/cjs/loader:878:12)\n    at Module.require (node:internal/modules/cjs/loader:1061:19)","trace":[{"column":12,"file":"C:\\Users\\user\\Desktop\\webdev-blog\\webdev-blog-server\\node_modules\\ts-node\\src\\index.ts","function":"createTSError","line":859,"method":null,"native":false},{"column":19,"file":"C:\\Users\\user\\Desktop\\webdev-blog\\webdev-blog-server\\node_modules\\ts-node\\src\\index.ts","function":"reportTSError","line":863,"method":null,"native":false},{"column":36,"file":"C:\\Users\\user\\Desktop\\webdev-blog\\webdev-blog-server\\node_modules\\ts-node\\src\\index.ts","function":"getOutput","line":1077,"method":null,"native":false},{"column":41,"file":"C:\\Users\\user\\Desktop\\webdev-blog\\webdev-blog-server\\node_modules\\ts-node\\src\\index.ts","function":"Object.compile","line":1433,"method":"compile","native":false},{"column":30,"file":"C:\\Users\\user\\Desktop\\webdev-blog\\webdev-blog-server\\node_modules\\ts-node\\src\\index.ts","function":"Module.m._compile","line":1617,"method":"_compile","native":false},{"column":10,"file":"node:internal/modules/cjs/loader","function":"Module._extensions..js","line":1213,"method":".js","native":false},{"column":12,"file":"C:\\Users\\user\\Desktop\\webdev-blog\\webdev-blog-server\\node_modules\\ts-node\\src\\index.ts","function":"Object.require.extensions.<computed> [as .ts]","line":1621,"method":"ts]","native":false},{"column":32,"file":"node:internal/modules/cjs/loader","function":"Module.load","line":1037,"method":"load","native":false},{"column":12,"file":"node:internal/modules/cjs/loader","function":"Module._load","line":878,"method":"_load","native":false},{"column":19,"file":"node:internal/modules/cjs/loader","function":"Module.require","line":1061,"method":"require","native":false}]}
{"date":"Sun Apr 23 2023 21:28:50 GMT+0100 (West Africa Standard Time)","error":{"diagnosticCodes":[2769,2554]},"exception":true,"level":"error","message":"uncaughtException: ⨯ Unable to compile TypeScript:\n\u001b[96msrc/routes/auth.ts\u001b[0m:\u001b[93m9\u001b[0m:\u001b[93m70\u001b[0m - \u001b[91merror\u001b[0m\u001b[90m TS2769: \u001b[0mNo overload matches this call.\r\n  The last overload gave the following error.\r\n    Argument of type 'void' is not assignable to parameter of type 'RequestHandlerParams<ParamsDictionary, any, any, ParsedQs, Record<string, any>>'.\r\n\r\n\u001b[7m9\u001b[0m router.post(\"/login\", AuthenticationValidator.checkLoginWithEmail(), AuthenticationValidator.checkEmailValidity(), AuthController.emailLogin)\r\n\u001b[7m \u001b[0m \u001b[91m                                                                     ~~~~~~~~~~~~~~~~~~~~~~~~~~~~~~~~~~~~~~~~~~~~\u001b[0m\r\n\r\n  \u001b[96mnode_modules/@types/express-serve-static-core/index.d.ts\u001b[0m:\u001b[93m171\u001b[0m:\u001b[93m5\u001b[0m\r\n    \u001b[7m171\u001b[0m     <\r\n    \u001b[7m   \u001b[0m \u001b[96m    ~\u001b[0m\r\n    \u001b[7m172\u001b[0m         P = ParamsDictionary,\r\n    \u001b[7m   \u001b[0m \u001b[96m~~~~~~~~~~~~~~~~~~~~~~~~~~~~~\u001b[0m\r\n    \u001b[7m...\u001b[0m \r\n    \u001b[7m181\u001b[0m         ...handlers: Array<RequestHandlerParams<P, ResBody, ReqBody, ReqQuery, LocalsObj>>\r\n    \u001b[7m   \u001b[0m \u001b[96m~~~~~~~~~~~~~~~~~~~~~~~~~~~~~~~~~~~~~~~~~~~~~~~~~~~~~~~~~~~~~~~~~~~~~~~~~~~~~~~~~~~~~~~~~~\u001b[0m\r\n    \u001b[7m182\u001b[0m     ): T;\r\n    \u001b[7m   \u001b[0m \u001b[96m~~~~~~~~~\u001b[0m\r\n    The last overload is declared here.\r\n\u001b[96msrc/routes/auth.ts\u001b[0m:\u001b[93m9\u001b[0m:\u001b[93m94\u001b[0m - \u001b[91merror\u001b[0m\u001b[90m TS2554: \u001b[0mExpected 3 arguments, but got 0.\r\n\r\n\u001b[7m9\u001b[0m router.post(\"/login\", AuthenticationValidator.checkLoginWithEmail(), AuthenticationValidator.checkEmailValidity(), AuthController.emailLogin)\r\n\u001b[7m \u001b[0m \u001b[91m                                                                                             ~~~~~~~~~~~~~~~~~~~~\u001b[0m\r\n\r\n  \u001b[96msrc/middlewares/validators/AuthenticationValidator.ts\u001b[0m:\u001b[93m28\u001b[0m:\u001b[93m30\u001b[0m\r\n    \u001b[7m28\u001b[0m    static checkEmailValidity(req:Request, res:Response, next:NextFunction) {\r\n    \u001b[7m  \u001b[0m \u001b[96m                             ~~~~~~~~~~~\u001b[0m\r\n    An argument for 'req' was not provided.\r\n\nTSError: ⨯ Unable to compile TypeScript:\n\u001b[96msrc/routes/auth.ts\u001b[0m:\u001b[93m9\u001b[0m:\u001b[93m70\u001b[0m - \u001b[91merror\u001b[0m\u001b[90m TS2769: \u001b[0mNo overload matches this call.\r\n  The last overload gave the following error.\r\n    Argument of type 'void' is not assignable to parameter of type 'RequestHandlerParams<ParamsDictionary, any, any, ParsedQs, Record<string, any>>'.\r\n\r\n\u001b[7m9\u001b[0m router.post(\"/login\", AuthenticationValidator.checkLoginWithEmail(), AuthenticationValidator.checkEmailValidity(), AuthController.emailLogin)\r\n\u001b[7m \u001b[0m \u001b[91m                                                                     ~~~~~~~~~~~~~~~~~~~~~~~~~~~~~~~~~~~~~~~~~~~~\u001b[0m\r\n\r\n  \u001b[96mnode_modules/@types/express-serve-static-core/index.d.ts\u001b[0m:\u001b[93m171\u001b[0m:\u001b[93m5\u001b[0m\r\n    \u001b[7m171\u001b[0m     <\r\n    \u001b[7m   \u001b[0m \u001b[96m    ~\u001b[0m\r\n    \u001b[7m172\u001b[0m         P = ParamsDictionary,\r\n    \u001b[7m   \u001b[0m \u001b[96m~~~~~~~~~~~~~~~~~~~~~~~~~~~~~\u001b[0m\r\n    \u001b[7m...\u001b[0m \r\n    \u001b[7m181\u001b[0m         ...handlers: Array<RequestHandlerParams<P, ResBody, ReqBody, ReqQuery, LocalsObj>>\r\n    \u001b[7m   \u001b[0m \u001b[96m~~~~~~~~~~~~~~~~~~~~~~~~~~~~~~~~~~~~~~~~~~~~~~~~~~~~~~~~~~~~~~~~~~~~~~~~~~~~~~~~~~~~~~~~~~\u001b[0m\r\n    \u001b[7m182\u001b[0m     ): T;\r\n    \u001b[7m   \u001b[0m \u001b[96m~~~~~~~~~\u001b[0m\r\n    The last overload is declared here.\r\n\u001b[96msrc/routes/auth.ts\u001b[0m:\u001b[93m9\u001b[0m:\u001b[93m94\u001b[0m - \u001b[91merror\u001b[0m\u001b[90m TS2554: \u001b[0mExpected 3 arguments, but got 0.\r\n\r\n\u001b[7m9\u001b[0m router.post(\"/login\", AuthenticationValidator.checkLoginWithEmail(), AuthenticationValidator.checkEmailValidity(), AuthController.emailLogin)\r\n\u001b[7m \u001b[0m \u001b[91m                                                                                             ~~~~~~~~~~~~~~~~~~~~\u001b[0m\r\n\r\n  \u001b[96msrc/middlewares/validators/AuthenticationValidator.ts\u001b[0m:\u001b[93m28\u001b[0m:\u001b[93m30\u001b[0m\r\n    \u001b[7m28\u001b[0m    static checkEmailValidity(req:Request, res:Response, next:NextFunction) {\r\n    \u001b[7m  \u001b[0m \u001b[96m                             ~~~~~~~~~~~\u001b[0m\r\n    An argument for 'req' was not provided.\r\n\n    at createTSError (C:\\Users\\user\\Desktop\\webdev-blog\\webdev-blog-server\\node_modules\\ts-node\\src\\index.ts:859:12)\n    at reportTSError (C:\\Users\\user\\Desktop\\webdev-blog\\webdev-blog-server\\node_modules\\ts-node\\src\\index.ts:863:19)\n    at getOutput (C:\\Users\\user\\Desktop\\webdev-blog\\webdev-blog-server\\node_modules\\ts-node\\src\\index.ts:1077:36)\n    at Object.compile (C:\\Users\\user\\Desktop\\webdev-blog\\webdev-blog-server\\node_modules\\ts-node\\src\\index.ts:1433:41)\n    at Module.m._compile (C:\\Users\\user\\Desktop\\webdev-blog\\webdev-blog-server\\node_modules\\ts-node\\src\\index.ts:1617:30)\n    at Module._extensions..js (node:internal/modules/cjs/loader:1213:10)\n    at Object.require.extensions.<computed> [as .ts] (C:\\Users\\user\\Desktop\\webdev-blog\\webdev-blog-server\\node_modules\\ts-node\\src\\index.ts:1621:12)\n    at Module.load (node:internal/modules/cjs/loader:1037:32)\n    at Function.Module._load (node:internal/modules/cjs/loader:878:12)\n    at Module.require (node:internal/modules/cjs/loader:1061:19)","os":{"loadavg":[0,0,0],"uptime":179402},"process":{"argv":["C:\\Users\\user\\Desktop\\webdev-blog\\webdev-blog-server\\node_modules\\ts-node\\dist\\bin.js","C:\\Users\\user\\Desktop\\webdev-blog\\webdev-blog-server\\src\\server.ts"],"cwd":"C:\\Users\\user\\Desktop\\webdev-blog\\webdev-blog-server","execPath":"C:\\Program Files\\nodejs\\node.exe","gid":null,"memoryUsage":{"arrayBuffers":20220584,"external":21734439,"heapTotal":257134592,"heapUsed":223486528,"rss":300097536},"pid":7728,"uid":null,"version":"v18.12.0"},"stack":"TSError: ⨯ Unable to compile TypeScript:\n\u001b[96msrc/routes/auth.ts\u001b[0m:\u001b[93m9\u001b[0m:\u001b[93m70\u001b[0m - \u001b[91merror\u001b[0m\u001b[90m TS2769: \u001b[0mNo overload matches this call.\r\n  The last overload gave the following error.\r\n    Argument of type 'void' is not assignable to parameter of type 'RequestHandlerParams<ParamsDictionary, any, any, ParsedQs, Record<string, any>>'.\r\n\r\n\u001b[7m9\u001b[0m router.post(\"/login\", AuthenticationValidator.checkLoginWithEmail(), AuthenticationValidator.checkEmailValidity(), AuthController.emailLogin)\r\n\u001b[7m \u001b[0m \u001b[91m                                                                     ~~~~~~~~~~~~~~~~~~~~~~~~~~~~~~~~~~~~~~~~~~~~\u001b[0m\r\n\r\n  \u001b[96mnode_modules/@types/express-serve-static-core/index.d.ts\u001b[0m:\u001b[93m171\u001b[0m:\u001b[93m5\u001b[0m\r\n    \u001b[7m171\u001b[0m     <\r\n    \u001b[7m   \u001b[0m \u001b[96m    ~\u001b[0m\r\n    \u001b[7m172\u001b[0m         P = ParamsDictionary,\r\n    \u001b[7m   \u001b[0m \u001b[96m~~~~~~~~~~~~~~~~~~~~~~~~~~~~~\u001b[0m\r\n    \u001b[7m...\u001b[0m \r\n    \u001b[7m181\u001b[0m         ...handlers: Array<RequestHandlerParams<P, ResBody, ReqBody, ReqQuery, LocalsObj>>\r\n    \u001b[7m   \u001b[0m \u001b[96m~~~~~~~~~~~~~~~~~~~~~~~~~~~~~~~~~~~~~~~~~~~~~~~~~~~~~~~~~~~~~~~~~~~~~~~~~~~~~~~~~~~~~~~~~~\u001b[0m\r\n    \u001b[7m182\u001b[0m     ): T;\r\n    \u001b[7m   \u001b[0m \u001b[96m~~~~~~~~~\u001b[0m\r\n    The last overload is declared here.\r\n\u001b[96msrc/routes/auth.ts\u001b[0m:\u001b[93m9\u001b[0m:\u001b[93m94\u001b[0m - \u001b[91merror\u001b[0m\u001b[90m TS2554: \u001b[0mExpected 3 arguments, but got 0.\r\n\r\n\u001b[7m9\u001b[0m router.post(\"/login\", AuthenticationValidator.checkLoginWithEmail(), AuthenticationValidator.checkEmailValidity(), AuthController.emailLogin)\r\n\u001b[7m \u001b[0m \u001b[91m                                                                                             ~~~~~~~~~~~~~~~~~~~~\u001b[0m\r\n\r\n  \u001b[96msrc/middlewares/validators/AuthenticationValidator.ts\u001b[0m:\u001b[93m28\u001b[0m:\u001b[93m30\u001b[0m\r\n    \u001b[7m28\u001b[0m    static checkEmailValidity(req:Request, res:Response, next:NextFunction) {\r\n    \u001b[7m  \u001b[0m \u001b[96m                             ~~~~~~~~~~~\u001b[0m\r\n    An argument for 'req' was not provided.\r\n\n    at createTSError (C:\\Users\\user\\Desktop\\webdev-blog\\webdev-blog-server\\node_modules\\ts-node\\src\\index.ts:859:12)\n    at reportTSError (C:\\Users\\user\\Desktop\\webdev-blog\\webdev-blog-server\\node_modules\\ts-node\\src\\index.ts:863:19)\n    at getOutput (C:\\Users\\user\\Desktop\\webdev-blog\\webdev-blog-server\\node_modules\\ts-node\\src\\index.ts:1077:36)\n    at Object.compile (C:\\Users\\user\\Desktop\\webdev-blog\\webdev-blog-server\\node_modules\\ts-node\\src\\index.ts:1433:41)\n    at Module.m._compile (C:\\Users\\user\\Desktop\\webdev-blog\\webdev-blog-server\\node_modules\\ts-node\\src\\index.ts:1617:30)\n    at Module._extensions..js (node:internal/modules/cjs/loader:1213:10)\n    at Object.require.extensions.<computed> [as .ts] (C:\\Users\\user\\Desktop\\webdev-blog\\webdev-blog-server\\node_modules\\ts-node\\src\\index.ts:1621:12)\n    at Module.load (node:internal/modules/cjs/loader:1037:32)\n    at Function.Module._load (node:internal/modules/cjs/loader:878:12)\n    at Module.require (node:internal/modules/cjs/loader:1061:19)","trace":[{"column":12,"file":"C:\\Users\\user\\Desktop\\webdev-blog\\webdev-blog-server\\node_modules\\ts-node\\src\\index.ts","function":"createTSError","line":859,"method":null,"native":false},{"column":19,"file":"C:\\Users\\user\\Desktop\\webdev-blog\\webdev-blog-server\\node_modules\\ts-node\\src\\index.ts","function":"reportTSError","line":863,"method":null,"native":false},{"column":36,"file":"C:\\Users\\user\\Desktop\\webdev-blog\\webdev-blog-server\\node_modules\\ts-node\\src\\index.ts","function":"getOutput","line":1077,"method":null,"native":false},{"column":41,"file":"C:\\Users\\user\\Desktop\\webdev-blog\\webdev-blog-server\\node_modules\\ts-node\\src\\index.ts","function":"Object.compile","line":1433,"method":"compile","native":false},{"column":30,"file":"C:\\Users\\user\\Desktop\\webdev-blog\\webdev-blog-server\\node_modules\\ts-node\\src\\index.ts","function":"Module.m._compile","line":1617,"method":"_compile","native":false},{"column":10,"file":"node:internal/modules/cjs/loader","function":"Module._extensions..js","line":1213,"method":".js","native":false},{"column":12,"file":"C:\\Users\\user\\Desktop\\webdev-blog\\webdev-blog-server\\node_modules\\ts-node\\src\\index.ts","function":"Object.require.extensions.<computed> [as .ts]","line":1621,"method":"ts]","native":false},{"column":32,"file":"node:internal/modules/cjs/loader","function":"Module.load","line":1037,"method":"load","native":false},{"column":12,"file":"node:internal/modules/cjs/loader","function":"Module._load","line":878,"method":"_load","native":false},{"column":19,"file":"node:internal/modules/cjs/loader","function":"Module.require","line":1061,"method":"require","native":false}]}
