{"date":"Sun Apr 16 2023 22:45:21 GMT+0100 (West Africa Standard Time)","error":{"diagnosticCodes":[2349]},"exception":true,"level":"error","message":"uncaughtException: ⨯ Unable to compile TypeScript:\n\u001b[96msrc/middlewares/Authenticate.ts\u001b[0m:\u001b[93m19\u001b[0m:\u001b[93m9\u001b[0m - \u001b[91merror\u001b[0m\u001b[90m TS2349: \u001b[0mThis expression is not callable.\r\n  Type 'void' has no call signatures.\r\n\r\n\u001b[7m19\u001b[0m         console.log(authPayload)\r\n\u001b[7m  \u001b[0m \u001b[91m        ~~~~~~~~~~~~~~~~~~~~~~~~\u001b[0m\r\n\r\n  \u001b[96msrc/middlewares/Authenticate.ts\u001b[0m:\u001b[93m19\u001b[0m:\u001b[93m9\u001b[0m\r\n    \u001b[7m19\u001b[0m         console.log(authPayload)\r\n    \u001b[7m  \u001b[0m \u001b[96m        ~~~~~~~~~~~~~~~~~~~~~~~~\u001b[0m\r\n    Are you missing a semicolon?\r\n\nTSError: ⨯ Unable to compile TypeScript:\n\u001b[96msrc/middlewares/Authenticate.ts\u001b[0m:\u001b[93m19\u001b[0m:\u001b[93m9\u001b[0m - \u001b[91merror\u001b[0m\u001b[90m TS2349: \u001b[0mThis expression is not callable.\r\n  Type 'void' has no call signatures.\r\n\r\n\u001b[7m19\u001b[0m         console.log(authPayload)\r\n\u001b[7m  \u001b[0m \u001b[91m        ~~~~~~~~~~~~~~~~~~~~~~~~\u001b[0m\r\n\r\n  \u001b[96msrc/middlewares/Authenticate.ts\u001b[0m:\u001b[93m19\u001b[0m:\u001b[93m9\u001b[0m\r\n    \u001b[7m19\u001b[0m         console.log(authPayload)\r\n    \u001b[7m  \u001b[0m \u001b[96m        ~~~~~~~~~~~~~~~~~~~~~~~~\u001b[0m\r\n    Are you missing a semicolon?\r\n\n    at createTSError (C:\\Users\\user\\Desktop\\webdev-blog\\webdev-blog-server\\node_modules\\ts-node\\src\\index.ts:859:12)\n    at reportTSError (C:\\Users\\user\\Desktop\\webdev-blog\\webdev-blog-server\\node_modules\\ts-node\\src\\index.ts:863:19)\n    at getOutput (C:\\Users\\user\\Desktop\\webdev-blog\\webdev-blog-server\\node_modules\\ts-node\\src\\index.ts:1077:36)\n    at Object.compile (C:\\Users\\user\\Desktop\\webdev-blog\\webdev-blog-server\\node_modules\\ts-node\\src\\index.ts:1433:41)\n    at Module.m._compile (C:\\Users\\user\\Desktop\\webdev-blog\\webdev-blog-server\\node_modules\\ts-node\\src\\index.ts:1617:30)\n    at Module._extensions..js (node:internal/modules/cjs/loader:1213:10)\n    at Object.require.extensions.<computed> [as .ts] (C:\\Users\\user\\Desktop\\webdev-blog\\webdev-blog-server\\node_modules\\ts-node\\src\\index.ts:1621:12)\n    at Module.load (node:internal/modules/cjs/loader:1037:32)\n    at Function.Module._load (node:internal/modules/cjs/loader:878:12)\n    at Module.require (node:internal/modules/cjs/loader:1061:19)","os":{"loadavg":[0,0,0],"uptime":219098},"process":{"argv":["C:\\Users\\user\\Desktop\\webdev-blog\\webdev-blog-server\\node_modules\\ts-node\\dist\\bin.js","C:\\Users\\user\\Desktop\\webdev-blog\\webdev-blog-server\\src\\server.ts"],"cwd":"C:\\Users\\user\\Desktop\\webdev-blog\\webdev-blog-server","execPath":"C:\\Program Files\\nodejs\\node.exe","gid":null,"memoryUsage":{"arrayBuffers":20403906,"external":21928355,"heapTotal":256897024,"heapUsed":231366008,"rss":295387136},"pid":6232,"uid":null,"version":"v18.12.0"},"stack":"TSError: ⨯ Unable to compile TypeScript:\n\u001b[96msrc/middlewares/Authenticate.ts\u001b[0m:\u001b[93m19\u001b[0m:\u001b[93m9\u001b[0m - \u001b[91merror\u001b[0m\u001b[90m TS2349: \u001b[0mThis expression is not callable.\r\n  Type 'void' has no call signatures.\r\n\r\n\u001b[7m19\u001b[0m         console.log(authPayload)\r\n\u001b[7m  \u001b[0m \u001b[91m        ~~~~~~~~~~~~~~~~~~~~~~~~\u001b[0m\r\n\r\n  \u001b[96msrc/middlewares/Authenticate.ts\u001b[0m:\u001b[93m19\u001b[0m:\u001b[93m9\u001b[0m\r\n    \u001b[7m19\u001b[0m         console.log(authPayload)\r\n    \u001b[7m  \u001b[0m \u001b[96m        ~~~~~~~~~~~~~~~~~~~~~~~~\u001b[0m\r\n    Are you missing a semicolon?\r\n\n    at createTSError (C:\\Users\\user\\Desktop\\webdev-blog\\webdev-blog-server\\node_modules\\ts-node\\src\\index.ts:859:12)\n    at reportTSError (C:\\Users\\user\\Desktop\\webdev-blog\\webdev-blog-server\\node_modules\\ts-node\\src\\index.ts:863:19)\n    at getOutput (C:\\Users\\user\\Desktop\\webdev-blog\\webdev-blog-server\\node_modules\\ts-node\\src\\index.ts:1077:36)\n    at Object.compile (C:\\Users\\user\\Desktop\\webdev-blog\\webdev-blog-server\\node_modules\\ts-node\\src\\index.ts:1433:41)\n    at Module.m._compile (C:\\Users\\user\\Desktop\\webdev-blog\\webdev-blog-server\\node_modules\\ts-node\\src\\index.ts:1617:30)\n    at Module._extensions..js (node:internal/modules/cjs/loader:1213:10)\n    at Object.require.extensions.<computed> [as .ts] (C:\\Users\\user\\Desktop\\webdev-blog\\webdev-blog-server\\node_modules\\ts-node\\src\\index.ts:1621:12)\n    at Module.load (node:internal/modules/cjs/loader:1037:32)\n    at Function.Module._load (node:internal/modules/cjs/loader:878:12)\n    at Module.require (node:internal/modules/cjs/loader:1061:19)","trace":[{"column":12,"file":"C:\\Users\\user\\Desktop\\webdev-blog\\webdev-blog-server\\node_modules\\ts-node\\src\\index.ts","function":"createTSError","line":859,"method":null,"native":false},{"column":19,"file":"C:\\Users\\user\\Desktop\\webdev-blog\\webdev-blog-server\\node_modules\\ts-node\\src\\index.ts","function":"reportTSError","line":863,"method":null,"native":false},{"column":36,"file":"C:\\Users\\user\\Desktop\\webdev-blog\\webdev-blog-server\\node_modules\\ts-node\\src\\index.ts","function":"getOutput","line":1077,"method":null,"native":false},{"column":41,"file":"C:\\Users\\user\\Desktop\\webdev-blog\\webdev-blog-server\\node_modules\\ts-node\\src\\index.ts","function":"Object.compile","line":1433,"method":"compile","native":false},{"column":30,"file":"C:\\Users\\user\\Desktop\\webdev-blog\\webdev-blog-server\\node_modules\\ts-node\\src\\index.ts","function":"Module.m._compile","line":1617,"method":"_compile","native":false},{"column":10,"file":"node:internal/modules/cjs/loader","function":"Module._extensions..js","line":1213,"method":".js","native":false},{"column":12,"file":"C:\\Users\\user\\Desktop\\webdev-blog\\webdev-blog-server\\node_modules\\ts-node\\src\\index.ts","function":"Object.require.extensions.<computed> [as .ts]","line":1621,"method":"ts]","native":false},{"column":32,"file":"node:internal/modules/cjs/loader","function":"Module.load","line":1037,"method":"load","native":false},{"column":12,"file":"node:internal/modules/cjs/loader","function":"Module._load","line":878,"method":"_load","native":false},{"column":19,"file":"node:internal/modules/cjs/loader","function":"Module.require","line":1061,"method":"require","native":false}]}
{"date":"Sun Apr 16 2023 22:45:21 GMT+0100 (West Africa Standard Time)","error":{"diagnosticCodes":[2349]},"exception":true,"level":"error","message":"uncaughtException: ⨯ Unable to compile TypeScript:\n\u001b[96msrc/middlewares/Authenticate.ts\u001b[0m:\u001b[93m19\u001b[0m:\u001b[93m9\u001b[0m - \u001b[91merror\u001b[0m\u001b[90m TS2349: \u001b[0mThis expression is not callable.\r\n  Type 'void' has no call signatures.\r\n\r\n\u001b[7m19\u001b[0m         console.log(authPayload)\r\n\u001b[7m  \u001b[0m \u001b[91m        ~~~~~~~~~~~~~~~~~~~~~~~~\u001b[0m\r\n\r\n  \u001b[96msrc/middlewares/Authenticate.ts\u001b[0m:\u001b[93m19\u001b[0m:\u001b[93m9\u001b[0m\r\n    \u001b[7m19\u001b[0m         console.log(authPayload)\r\n    \u001b[7m  \u001b[0m \u001b[96m        ~~~~~~~~~~~~~~~~~~~~~~~~\u001b[0m\r\n    Are you missing a semicolon?\r\n\nTSError: ⨯ Unable to compile TypeScript:\n\u001b[96msrc/middlewares/Authenticate.ts\u001b[0m:\u001b[93m19\u001b[0m:\u001b[93m9\u001b[0m - \u001b[91merror\u001b[0m\u001b[90m TS2349: \u001b[0mThis expression is not callable.\r\n  Type 'void' has no call signatures.\r\n\r\n\u001b[7m19\u001b[0m         console.log(authPayload)\r\n\u001b[7m  \u001b[0m \u001b[91m        ~~~~~~~~~~~~~~~~~~~~~~~~\u001b[0m\r\n\r\n  \u001b[96msrc/middlewares/Authenticate.ts\u001b[0m:\u001b[93m19\u001b[0m:\u001b[93m9\u001b[0m\r\n    \u001b[7m19\u001b[0m         console.log(authPayload)\r\n    \u001b[7m  \u001b[0m \u001b[96m        ~~~~~~~~~~~~~~~~~~~~~~~~\u001b[0m\r\n    Are you missing a semicolon?\r\n\n    at createTSError (C:\\Users\\user\\Desktop\\webdev-blog\\webdev-blog-server\\node_modules\\ts-node\\src\\index.ts:859:12)\n    at reportTSError (C:\\Users\\user\\Desktop\\webdev-blog\\webdev-blog-server\\node_modules\\ts-node\\src\\index.ts:863:19)\n    at getOutput (C:\\Users\\user\\Desktop\\webdev-blog\\webdev-blog-server\\node_modules\\ts-node\\src\\index.ts:1077:36)\n    at Object.compile (C:\\Users\\user\\Desktop\\webdev-blog\\webdev-blog-server\\node_modules\\ts-node\\src\\index.ts:1433:41)\n    at Module.m._compile (C:\\Users\\user\\Desktop\\webdev-blog\\webdev-blog-server\\node_modules\\ts-node\\src\\index.ts:1617:30)\n    at Module._extensions..js (node:internal/modules/cjs/loader:1213:10)\n    at Object.require.extensions.<computed> [as .ts] (C:\\Users\\user\\Desktop\\webdev-blog\\webdev-blog-server\\node_modules\\ts-node\\src\\index.ts:1621:12)\n    at Module.load (node:internal/modules/cjs/loader:1037:32)\n    at Function.Module._load (node:internal/modules/cjs/loader:878:12)\n    at Module.require (node:internal/modules/cjs/loader:1061:19)","os":{"loadavg":[0,0,0],"uptime":219098},"process":{"argv":["C:\\Users\\user\\Desktop\\webdev-blog\\webdev-blog-server\\node_modules\\ts-node\\dist\\bin.js","C:\\Users\\user\\Desktop\\webdev-blog\\webdev-blog-server\\src\\server.ts"],"cwd":"C:\\Users\\user\\Desktop\\webdev-blog\\webdev-blog-server","execPath":"C:\\Program Files\\nodejs\\node.exe","gid":null,"memoryUsage":{"arrayBuffers":20410525,"external":21935014,"heapTotal":257159168,"heapUsed":231699224,"rss":295931904},"pid":6232,"uid":null,"version":"v18.12.0"},"stack":"TSError: ⨯ Unable to compile TypeScript:\n\u001b[96msrc/middlewares/Authenticate.ts\u001b[0m:\u001b[93m19\u001b[0m:\u001b[93m9\u001b[0m - \u001b[91merror\u001b[0m\u001b[90m TS2349: \u001b[0mThis expression is not callable.\r\n  Type 'void' has no call signatures.\r\n\r\n\u001b[7m19\u001b[0m         console.log(authPayload)\r\n\u001b[7m  \u001b[0m \u001b[91m        ~~~~~~~~~~~~~~~~~~~~~~~~\u001b[0m\r\n\r\n  \u001b[96msrc/middlewares/Authenticate.ts\u001b[0m:\u001b[93m19\u001b[0m:\u001b[93m9\u001b[0m\r\n    \u001b[7m19\u001b[0m         console.log(authPayload)\r\n    \u001b[7m  \u001b[0m \u001b[96m        ~~~~~~~~~~~~~~~~~~~~~~~~\u001b[0m\r\n    Are you missing a semicolon?\r\n\n    at createTSError (C:\\Users\\user\\Desktop\\webdev-blog\\webdev-blog-server\\node_modules\\ts-node\\src\\index.ts:859:12)\n    at reportTSError (C:\\Users\\user\\Desktop\\webdev-blog\\webdev-blog-server\\node_modules\\ts-node\\src\\index.ts:863:19)\n    at getOutput (C:\\Users\\user\\Desktop\\webdev-blog\\webdev-blog-server\\node_modules\\ts-node\\src\\index.ts:1077:36)\n    at Object.compile (C:\\Users\\user\\Desktop\\webdev-blog\\webdev-blog-server\\node_modules\\ts-node\\src\\index.ts:1433:41)\n    at Module.m._compile (C:\\Users\\user\\Desktop\\webdev-blog\\webdev-blog-server\\node_modules\\ts-node\\src\\index.ts:1617:30)\n    at Module._extensions..js (node:internal/modules/cjs/loader:1213:10)\n    at Object.require.extensions.<computed> [as .ts] (C:\\Users\\user\\Desktop\\webdev-blog\\webdev-blog-server\\node_modules\\ts-node\\src\\index.ts:1621:12)\n    at Module.load (node:internal/modules/cjs/loader:1037:32)\n    at Function.Module._load (node:internal/modules/cjs/loader:878:12)\n    at Module.require (node:internal/modules/cjs/loader:1061:19)","trace":[{"column":12,"file":"C:\\Users\\user\\Desktop\\webdev-blog\\webdev-blog-server\\node_modules\\ts-node\\src\\index.ts","function":"createTSError","line":859,"method":null,"native":false},{"column":19,"file":"C:\\Users\\user\\Desktop\\webdev-blog\\webdev-blog-server\\node_modules\\ts-node\\src\\index.ts","function":"reportTSError","line":863,"method":null,"native":false},{"column":36,"file":"C:\\Users\\user\\Desktop\\webdev-blog\\webdev-blog-server\\node_modules\\ts-node\\src\\index.ts","function":"getOutput","line":1077,"method":null,"native":false},{"column":41,"file":"C:\\Users\\user\\Desktop\\webdev-blog\\webdev-blog-server\\node_modules\\ts-node\\src\\index.ts","function":"Object.compile","line":1433,"method":"compile","native":false},{"column":30,"file":"C:\\Users\\user\\Desktop\\webdev-blog\\webdev-blog-server\\node_modules\\ts-node\\src\\index.ts","function":"Module.m._compile","line":1617,"method":"_compile","native":false},{"column":10,"file":"node:internal/modules/cjs/loader","function":"Module._extensions..js","line":1213,"method":".js","native":false},{"column":12,"file":"C:\\Users\\user\\Desktop\\webdev-blog\\webdev-blog-server\\node_modules\\ts-node\\src\\index.ts","function":"Object.require.extensions.<computed> [as .ts]","line":1621,"method":"ts]","native":false},{"column":32,"file":"node:internal/modules/cjs/loader","function":"Module.load","line":1037,"method":"load","native":false},{"column":12,"file":"node:internal/modules/cjs/loader","function":"Module._load","line":878,"method":"_load","native":false},{"column":19,"file":"node:internal/modules/cjs/loader","function":"Module.require","line":1061,"method":"require","native":false}]}
{"date":"Sun Apr 16 2023 23:06:46 GMT+0100 (West Africa Standard Time)","error":{"diagnosticCodes":[2345]},"exception":true,"level":"error","message":"uncaughtException: ⨯ Unable to compile TypeScript:\n\u001b[96msrc/helpers/authHelpers/authHelpers.ts\u001b[0m:\u001b[93m99\u001b[0m:\u001b[93m48\u001b[0m - \u001b[91merror\u001b[0m\u001b[90m TS2345: \u001b[0mArgument of type 'string' is not assignable to parameter of type 'number'.\r\n\r\n\u001b[7m99\u001b[0m     await JwtHelper.generateToken(updatedUser, AUTH_TOKEN_TTL_IN_HOURS);\r\n\u001b[7m  \u001b[0m \u001b[91m                                               ~~~~~~~~~~~~~~~~~~~~~~~\u001b[0m\r\n\nTSError: ⨯ Unable to compile TypeScript:\n\u001b[96msrc/helpers/authHelpers/authHelpers.ts\u001b[0m:\u001b[93m99\u001b[0m:\u001b[93m48\u001b[0m - \u001b[91merror\u001b[0m\u001b[90m TS2345: \u001b[0mArgument of type 'string' is not assignable to parameter of type 'number'.\r\n\r\n\u001b[7m99\u001b[0m     await JwtHelper.generateToken(updatedUser, AUTH_TOKEN_TTL_IN_HOURS);\r\n\u001b[7m  \u001b[0m \u001b[91m                                               ~~~~~~~~~~~~~~~~~~~~~~~\u001b[0m\r\n\n    at createTSError (C:\\Users\\user\\Desktop\\webdev-blog\\webdev-blog-server\\node_modules\\ts-node\\src\\index.ts:859:12)\n    at reportTSError (C:\\Users\\user\\Desktop\\webdev-blog\\webdev-blog-server\\node_modules\\ts-node\\src\\index.ts:863:19)\n    at getOutput (C:\\Users\\user\\Desktop\\webdev-blog\\webdev-blog-server\\node_modules\\ts-node\\src\\index.ts:1077:36)\n    at Object.compile (C:\\Users\\user\\Desktop\\webdev-blog\\webdev-blog-server\\node_modules\\ts-node\\src\\index.ts:1433:41)\n    at Module.m._compile (C:\\Users\\user\\Desktop\\webdev-blog\\webdev-blog-server\\node_modules\\ts-node\\src\\index.ts:1617:30)\n    at Module._extensions..js (node:internal/modules/cjs/loader:1213:10)\n    at Object.require.extensions.<computed> [as .ts] (C:\\Users\\user\\Desktop\\webdev-blog\\webdev-blog-server\\node_modules\\ts-node\\src\\index.ts:1621:12)\n    at Module.load (node:internal/modules/cjs/loader:1037:32)\n    at Function.Module._load (node:internal/modules/cjs/loader:878:12)\n    at Module.require (node:internal/modules/cjs/loader:1061:19)","os":{"loadavg":[0,0,0],"uptime":220383},"process":{"argv":["C:\\Users\\user\\Desktop\\webdev-blog\\webdev-blog-server\\node_modules\\ts-node\\dist\\bin.js","C:\\Users\\user\\Desktop\\webdev-blog\\webdev-blog-server\\src\\server.ts"],"cwd":"C:\\Users\\user\\Desktop\\webdev-blog\\webdev-blog-server","execPath":"C:\\Program Files\\nodejs\\node.exe","gid":null,"memoryUsage":{"arrayBuffers":20217040,"external":21730855,"heapTotal":254275584,"heapUsed":228458904,"rss":296456192},"pid":13240,"uid":null,"version":"v18.12.0"},"stack":"TSError: ⨯ Unable to compile TypeScript:\n\u001b[96msrc/helpers/authHelpers/authHelpers.ts\u001b[0m:\u001b[93m99\u001b[0m:\u001b[93m48\u001b[0m - \u001b[91merror\u001b[0m\u001b[90m TS2345: \u001b[0mArgument of type 'string' is not assignable to parameter of type 'number'.\r\n\r\n\u001b[7m99\u001b[0m     await JwtHelper.generateToken(updatedUser, AUTH_TOKEN_TTL_IN_HOURS);\r\n\u001b[7m  \u001b[0m \u001b[91m                                               ~~~~~~~~~~~~~~~~~~~~~~~\u001b[0m\r\n\n    at createTSError (C:\\Users\\user\\Desktop\\webdev-blog\\webdev-blog-server\\node_modules\\ts-node\\src\\index.ts:859:12)\n    at reportTSError (C:\\Users\\user\\Desktop\\webdev-blog\\webdev-blog-server\\node_modules\\ts-node\\src\\index.ts:863:19)\n    at getOutput (C:\\Users\\user\\Desktop\\webdev-blog\\webdev-blog-server\\node_modules\\ts-node\\src\\index.ts:1077:36)\n    at Object.compile (C:\\Users\\user\\Desktop\\webdev-blog\\webdev-blog-server\\node_modules\\ts-node\\src\\index.ts:1433:41)\n    at Module.m._compile (C:\\Users\\user\\Desktop\\webdev-blog\\webdev-blog-server\\node_modules\\ts-node\\src\\index.ts:1617:30)\n    at Module._extensions..js (node:internal/modules/cjs/loader:1213:10)\n    at Object.require.extensions.<computed> [as .ts] (C:\\Users\\user\\Desktop\\webdev-blog\\webdev-blog-server\\node_modules\\ts-node\\src\\index.ts:1621:12)\n    at Module.load (node:internal/modules/cjs/loader:1037:32)\n    at Function.Module._load (node:internal/modules/cjs/loader:878:12)\n    at Module.require (node:internal/modules/cjs/loader:1061:19)","trace":[{"column":12,"file":"C:\\Users\\user\\Desktop\\webdev-blog\\webdev-blog-server\\node_modules\\ts-node\\src\\index.ts","function":"createTSError","line":859,"method":null,"native":false},{"column":19,"file":"C:\\Users\\user\\Desktop\\webdev-blog\\webdev-blog-server\\node_modules\\ts-node\\src\\index.ts","function":"reportTSError","line":863,"method":null,"native":false},{"column":36,"file":"C:\\Users\\user\\Desktop\\webdev-blog\\webdev-blog-server\\node_modules\\ts-node\\src\\index.ts","function":"getOutput","line":1077,"method":null,"native":false},{"column":41,"file":"C:\\Users\\user\\Desktop\\webdev-blog\\webdev-blog-server\\node_modules\\ts-node\\src\\index.ts","function":"Object.compile","line":1433,"method":"compile","native":false},{"column":30,"file":"C:\\Users\\user\\Desktop\\webdev-blog\\webdev-blog-server\\node_modules\\ts-node\\src\\index.ts","function":"Module.m._compile","line":1617,"method":"_compile","native":false},{"column":10,"file":"node:internal/modules/cjs/loader","function":"Module._extensions..js","line":1213,"method":".js","native":false},{"column":12,"file":"C:\\Users\\user\\Desktop\\webdev-blog\\webdev-blog-server\\node_modules\\ts-node\\src\\index.ts","function":"Object.require.extensions.<computed> [as .ts]","line":1621,"method":"ts]","native":false},{"column":32,"file":"node:internal/modules/cjs/loader","function":"Module.load","line":1037,"method":"load","native":false},{"column":12,"file":"node:internal/modules/cjs/loader","function":"Module._load","line":878,"method":"_load","native":false},{"column":19,"file":"node:internal/modules/cjs/loader","function":"Module.require","line":1061,"method":"require","native":false}]}
{"date":"Sun Apr 16 2023 23:06:46 GMT+0100 (West Africa Standard Time)","error":{"diagnosticCodes":[2345]},"exception":true,"level":"error","message":"uncaughtException: ⨯ Unable to compile TypeScript:\n\u001b[96msrc/helpers/authHelpers/authHelpers.ts\u001b[0m:\u001b[93m99\u001b[0m:\u001b[93m48\u001b[0m - \u001b[91merror\u001b[0m\u001b[90m TS2345: \u001b[0mArgument of type 'string' is not assignable to parameter of type 'number'.\r\n\r\n\u001b[7m99\u001b[0m     await JwtHelper.generateToken(updatedUser, AUTH_TOKEN_TTL_IN_HOURS);\r\n\u001b[7m  \u001b[0m \u001b[91m                                               ~~~~~~~~~~~~~~~~~~~~~~~\u001b[0m\r\n\nTSError: ⨯ Unable to compile TypeScript:\n\u001b[96msrc/helpers/authHelpers/authHelpers.ts\u001b[0m:\u001b[93m99\u001b[0m:\u001b[93m48\u001b[0m - \u001b[91merror\u001b[0m\u001b[90m TS2345: \u001b[0mArgument of type 'string' is not assignable to parameter of type 'number'.\r\n\r\n\u001b[7m99\u001b[0m     await JwtHelper.generateToken(updatedUser, AUTH_TOKEN_TTL_IN_HOURS);\r\n\u001b[7m  \u001b[0m \u001b[91m                                               ~~~~~~~~~~~~~~~~~~~~~~~\u001b[0m\r\n\n    at createTSError (C:\\Users\\user\\Desktop\\webdev-blog\\webdev-blog-server\\node_modules\\ts-node\\src\\index.ts:859:12)\n    at reportTSError (C:\\Users\\user\\Desktop\\webdev-blog\\webdev-blog-server\\node_modules\\ts-node\\src\\index.ts:863:19)\n    at getOutput (C:\\Users\\user\\Desktop\\webdev-blog\\webdev-blog-server\\node_modules\\ts-node\\src\\index.ts:1077:36)\n    at Object.compile (C:\\Users\\user\\Desktop\\webdev-blog\\webdev-blog-server\\node_modules\\ts-node\\src\\index.ts:1433:41)\n    at Module.m._compile (C:\\Users\\user\\Desktop\\webdev-blog\\webdev-blog-server\\node_modules\\ts-node\\src\\index.ts:1617:30)\n    at Module._extensions..js (node:internal/modules/cjs/loader:1213:10)\n    at Object.require.extensions.<computed> [as .ts] (C:\\Users\\user\\Desktop\\webdev-blog\\webdev-blog-server\\node_modules\\ts-node\\src\\index.ts:1621:12)\n    at Module.load (node:internal/modules/cjs/loader:1037:32)\n    at Function.Module._load (node:internal/modules/cjs/loader:878:12)\n    at Module.require (node:internal/modules/cjs/loader:1061:19)","os":{"loadavg":[0,0,0],"uptime":220383},"process":{"argv":["C:\\Users\\user\\Desktop\\webdev-blog\\webdev-blog-server\\node_modules\\ts-node\\dist\\bin.js","C:\\Users\\user\\Desktop\\webdev-blog\\webdev-blog-server\\src\\server.ts"],"cwd":"C:\\Users\\user\\Desktop\\webdev-blog\\webdev-blog-server","execPath":"C:\\Program Files\\nodejs\\node.exe","gid":null,"memoryUsage":{"arrayBuffers":20223081,"external":21736936,"heapTotal":254537728,"heapUsed":228822080,"rss":296706048},"pid":13240,"uid":null,"version":"v18.12.0"},"stack":"TSError: ⨯ Unable to compile TypeScript:\n\u001b[96msrc/helpers/authHelpers/authHelpers.ts\u001b[0m:\u001b[93m99\u001b[0m:\u001b[93m48\u001b[0m - \u001b[91merror\u001b[0m\u001b[90m TS2345: \u001b[0mArgument of type 'string' is not assignable to parameter of type 'number'.\r\n\r\n\u001b[7m99\u001b[0m     await JwtHelper.generateToken(updatedUser, AUTH_TOKEN_TTL_IN_HOURS);\r\n\u001b[7m  \u001b[0m \u001b[91m                                               ~~~~~~~~~~~~~~~~~~~~~~~\u001b[0m\r\n\n    at createTSError (C:\\Users\\user\\Desktop\\webdev-blog\\webdev-blog-server\\node_modules\\ts-node\\src\\index.ts:859:12)\n    at reportTSError (C:\\Users\\user\\Desktop\\webdev-blog\\webdev-blog-server\\node_modules\\ts-node\\src\\index.ts:863:19)\n    at getOutput (C:\\Users\\user\\Desktop\\webdev-blog\\webdev-blog-server\\node_modules\\ts-node\\src\\index.ts:1077:36)\n    at Object.compile (C:\\Users\\user\\Desktop\\webdev-blog\\webdev-blog-server\\node_modules\\ts-node\\src\\index.ts:1433:41)\n    at Module.m._compile (C:\\Users\\user\\Desktop\\webdev-blog\\webdev-blog-server\\node_modules\\ts-node\\src\\index.ts:1617:30)\n    at Module._extensions..js (node:internal/modules/cjs/loader:1213:10)\n    at Object.require.extensions.<computed> [as .ts] (C:\\Users\\user\\Desktop\\webdev-blog\\webdev-blog-server\\node_modules\\ts-node\\src\\index.ts:1621:12)\n    at Module.load (node:internal/modules/cjs/loader:1037:32)\n    at Function.Module._load (node:internal/modules/cjs/loader:878:12)\n    at Module.require (node:internal/modules/cjs/loader:1061:19)","trace":[{"column":12,"file":"C:\\Users\\user\\Desktop\\webdev-blog\\webdev-blog-server\\node_modules\\ts-node\\src\\index.ts","function":"createTSError","line":859,"method":null,"native":false},{"column":19,"file":"C:\\Users\\user\\Desktop\\webdev-blog\\webdev-blog-server\\node_modules\\ts-node\\src\\index.ts","function":"reportTSError","line":863,"method":null,"native":false},{"column":36,"file":"C:\\Users\\user\\Desktop\\webdev-blog\\webdev-blog-server\\node_modules\\ts-node\\src\\index.ts","function":"getOutput","line":1077,"method":null,"native":false},{"column":41,"file":"C:\\Users\\user\\Desktop\\webdev-blog\\webdev-blog-server\\node_modules\\ts-node\\src\\index.ts","function":"Object.compile","line":1433,"method":"compile","native":false},{"column":30,"file":"C:\\Users\\user\\Desktop\\webdev-blog\\webdev-blog-server\\node_modules\\ts-node\\src\\index.ts","function":"Module.m._compile","line":1617,"method":"_compile","native":false},{"column":10,"file":"node:internal/modules/cjs/loader","function":"Module._extensions..js","line":1213,"method":".js","native":false},{"column":12,"file":"C:\\Users\\user\\Desktop\\webdev-blog\\webdev-blog-server\\node_modules\\ts-node\\src\\index.ts","function":"Object.require.extensions.<computed> [as .ts]","line":1621,"method":"ts]","native":false},{"column":32,"file":"node:internal/modules/cjs/loader","function":"Module.load","line":1037,"method":"load","native":false},{"column":12,"file":"node:internal/modules/cjs/loader","function":"Module._load","line":878,"method":"_load","native":false},{"column":19,"file":"node:internal/modules/cjs/loader","function":"Module.require","line":1061,"method":"require","native":false}]}
